<?xml version="1.0" encoding="UTF-8"?>
<robot generator="Robot 6.0.2 (Python 3.10.9 on win32)" generated="20230208 14:13:04.712" rpa="false" schemaversion="3">
<suite id="s1" name="Batch card delete" source="c:\GitRepo\robotframework_batchdelete\Tests\Batch_card_delete.robot">
<test id="s1-t1" name="02_Delete_cards_UAT" line="23">
<kw name="Given Set Variable" library="BuiltIn">
<var>${env}</var>
<arg>UAT</arg>
<doc>Returns the given values which can then be assigned to a variables.</doc>
<msg timestamp="20230208 14:13:04.866" level="INFO">${env} = UAT</msg>
<status status="PASS" starttime="20230208 14:13:04.866" endtime="20230208 14:13:04.868"/>
</kw>
<kw name="When Delete old cards" library="Batch_deletion_Model">
<var>${report}</var>
<arg>${env}</arg>
<arg>${state}</arg>
<arg>${providers}</arg>
<doc>Based on the selected provider(s)
it deletes all the cards in a time range of [today - one_month_ago, today - one_week_ago]</doc>
<kw name="Get From Dictionary" library="Collections">
<var>${base_url}</var>
<arg>${REST_base_url}</arg>
<arg>${env}</arg>
<doc>Returns a value from the given ``dictionary`` based on the given ``key``.</doc>
<msg timestamp="20230208 14:13:04.871" level="INFO">${base_url} = http://172.17.237.12:25012/1ASIUPAYU</msg>
<status status="PASS" starttime="20230208 14:13:04.870" endtime="20230208 14:13:04.872"/>
</kw>
<kw name="Get Time Frames" library="b2bwallet_rest_api_operations">
<var>@{time_frames}</var>
<doc>Divides the range [one_month_ago, one_week_ago] in several time frames of 1 hour size 
and returns all of them as a list</doc>
<msg timestamp="20230208 14:13:04.875" level="INFO">@{time_frames} = [ 2023-01-09T14-13-04 | 2023-01-09T15-13-04 | 2023-01-09T16-13-04 | 2023-01-09T17-13-04 | 2023-01-09T18-13-04 | 2023-01-09T19-13-04 | 2023-01-09T20-13-04 | 2023-01-09T21-13-04 | 2023-01-09T22-13-04 | ...</msg>
<status status="PASS" starttime="20230208 14:13:04.873" endtime="20230208 14:13:04.876"/>
</kw>
<kw name="Create List" library="BuiltIn">
<var>@{report}</var>
<doc>Returns a list containing given items.</doc>
<msg timestamp="20230208 14:13:04.876" level="INFO">@{report} = [ ]</msg>
<status status="PASS" starttime="20230208 14:13:04.876" endtime="20230208 14:13:04.876"/>
</kw>
<for flavor="IN">
<var>${frame}</var>
<value>@{time_frames}</value>
<iter>
<var name="${frame}">2023-01-09T14-13-04</var>
<kw name="Add Time To Date" library="DateTime">
<var>${next_frame}</var>
<arg>${frame}</arg>
<arg>1 hour</arg>
<arg>result_format=%Y-%m-%dT%H-%M-%S</arg>
<doc>Adds time to date and returns the resulting date.</doc>
<msg timestamp="20230208 14:13:04.881" level="INFO">${next_frame} = 2023-01-09T15-13-04</msg>
<status status="PASS" starttime="20230208 14:13:04.877" endtime="20230208 14:13:04.881"/>
</kw>
<kw name="Log To Console" library="BuiltIn">
<arg>\n Analizing time frame ${frame}, ${next_frame}</arg>
<doc>Logs the given message to the console.</doc>
<status status="PASS" starttime="20230208 14:13:04.881" endtime="20230208 14:13:04.882"/>
</kw>
<kw name="Check Get Card List" library="Batch_deletion_Model">
<var>${card_list}</var>
<arg>${base_url}${REST_virtual_cards_URI}</arg>
<arg>${APPUI1A01}</arg>
<arg>${frame}</arg>
<arg>${state}</arg>
<doc>Performs a Get/virtualCards for a specific time frame,
checks if the response's status is 200
and returns the card list retrieved
Confluence url: https://rndwww.nce.amadeus.net/confluence/pages/viewpage.action?pageId=861225058</doc>
<kw name="Get Card List" library="b2bwallet_rest_api_operations">
<var>${status}</var>
<var>${card_list}</var>
<arg>${url}</arg>
<arg>${user}</arg>
<arg>${time_frame}</arg>
<arg>${status}</arg>
<doc>Performs the GET /virtualCards?creationBeginDate={Date&amp;Time}&amp;creationEndDate={Date&amp;Time} for the given time_frame
and returns the status_code and the cards list as a json.
The time frame has size of 1h.</doc>
<msg timestamp="20230208 14:13:05.324" level="INFO">1AAuth eyJ1c2VySWQiOiAiQVBQVUkxQTAxIiwgIm9mZmljZUlkIjogIk5DRTFBMDk1NSIsICJ0aW1lc3RhbXAiOiAiMjAyMy0wMi0wOFQxMzoxMzowNCIsICJub25jZSI6ICJNREpTU1ROU1FqUkVNa1pQU0VsYVVUUkdXVUZHTXpBdyIsICJwYXNzd29yZCI6ICJoUGNITllCcEM2Z1Z4dHN2MEFMc0xZRExFTzA9IiwgIm9yZ2FuaXphdGlvbiI6ICIxQSJ9
{"errors":[{"code":"34629","title":"NO RESULT FOUND"}]}</msg>
<msg timestamp="20230208 14:13:05.324" level="INFO">${status} = 200</msg>
<msg timestamp="20230208 14:13:05.324" level="INFO">${card_list} = {'errors': [{'code': '34629', 'title': 'NO RESULT FOUND'}]}</msg>
<status status="PASS" starttime="20230208 14:13:04.882" endtime="20230208 14:13:05.324"/>
</kw>
<kw name="Should Be Equal" library="BuiltIn">
<arg>${status}</arg>
<arg>${200}</arg>
<doc>Fails if the given objects are unequal.</doc>
<status status="PASS" starttime="20230208 14:13:05.324" endtime="20230208 14:13:05.325"/>
</kw>
<return>
<value>${card_list}</value>
<status status="PASS" starttime="20230208 14:13:05.325" endtime="20230208 14:13:05.325"/>
</return>
<msg timestamp="20230208 14:13:05.325" level="INFO">${card_list} = {'errors': [{'code': '34629', 'title': 'NO RESULT FOUND'}]}</msg>
<status status="PASS" starttime="20230208 14:13:04.882" endtime="20230208 14:13:05.325"/>
</kw>
<if>
<branch type="IF" condition="'errors' in ${card_list}">
<kw name="Log To Console" library="BuiltIn">
<arg>\n No cards found in the current time frame</arg>
<doc>Logs the given message to the console.</doc>
<status status="PASS" starttime="20230208 14:13:05.326" endtime="20230208 14:13:05.326"/>
</kw>
<continue>
<status status="PASS" starttime="20230208 14:13:05.326" endtime="20230208 14:13:05.326"/>
</continue>
<status status="PASS" starttime="20230208 14:13:05.326" endtime="20230208 14:13:05.326"/>
</branch>
<status status="PASS" starttime="20230208 14:13:05.325" endtime="20230208 14:13:05.326"/>
</if>
<kw name="Get Ids From Card List" library="b2bwallet_rest_api_operations">
<var>@{ids}</var>
<arg>${providers}</arg>
<arg>${card_list}</arg>
<doc>Based on the received providers, extracts all the ids of the cards present in the card_list
and returns all of them as a list</doc>
<status status="NOT RUN" starttime="20230208 14:13:05.326" endtime="20230208 14:13:05.327"/>
</kw>
<kw name="Check Deleted Cards" library="Batch_deletion_Model">
<var>@{deleted_cards}</var>
<arg>${base_url}${REST_virtual_cards_URI}</arg>
<arg>${APPUI1A01}</arg>
<arg>${ids}</arg>
<doc>Deletes a list of cards using their ids,
returning a list of tuples composed by:
- the status_code of the operation
- the message related to the operation
- the id of the involved card</doc>
<status status="NOT RUN" starttime="20230208 14:13:05.327" endtime="20230208 14:13:05.327"/>
</kw>
<kw name="Log To Console" library="BuiltIn">
<arg>\n deleted_cards: ${deleted cards}</arg>
<doc>Logs the given message to the console.</doc>
<status status="NOT RUN" starttime="20230208 14:13:05.327" endtime="20230208 14:13:05.327"/>
</kw>
<kw name="Append" library="b2bwallet_rest_api_operations">
<var>@{report}</var>
<arg>${report}</arg>
<arg>${deleted_cards}</arg>
<status status="NOT RUN" starttime="20230208 14:13:05.328" endtime="20230208 14:13:05.328"/>
</kw>
<status status="PASS" starttime="20230208 14:13:04.876" endtime="20230208 14:13:05.328"/>
</iter>
<iter>
<var name="${frame}">2023-01-09T15-13-04</var>
<kw name="Add Time To Date" library="DateTime">
<var>${next_frame}</var>
<arg>${frame}</arg>
<arg>1 hour</arg>
<arg>result_format=%Y-%m-%dT%H-%M-%S</arg>
<doc>Adds time to date and returns the resulting date.</doc>
<msg timestamp="20230208 14:13:05.329" level="INFO">${next_frame} = 2023-01-09T16-13-04</msg>
<status status="PASS" starttime="20230208 14:13:05.328" endtime="20230208 14:13:05.329"/>
</kw>
<kw name="Log To Console" library="BuiltIn">
<arg>\n Analizing time frame ${frame}, ${next_frame}</arg>
<doc>Logs the given message to the console.</doc>
<status status="PASS" starttime="20230208 14:13:05.329" endtime="20230208 14:13:05.330"/>
</kw>
<kw name="Check Get Card List" library="Batch_deletion_Model">
<var>${card_list}</var>
<arg>${base_url}${REST_virtual_cards_URI}</arg>
<arg>${APPUI1A01}</arg>
<arg>${frame}</arg>
<arg>${state}</arg>
<doc>Performs a Get/virtualCards for a specific time frame,
checks if the response's status is 200
and returns the card list retrieved
Confluence url: https://rndwww.nce.amadeus.net/confluence/pages/viewpage.action?pageId=861225058</doc>
<kw name="Get Card List" library="b2bwallet_rest_api_operations">
<var>${status}</var>
<var>${card_list}</var>
<arg>${url}</arg>
<arg>${user}</arg>
<arg>${time_frame}</arg>
<arg>${status}</arg>
<doc>Performs the GET /virtualCards?creationBeginDate={Date&amp;Time}&amp;creationEndDate={Date&amp;Time} for the given time_frame
and returns the status_code and the cards list as a json.
The time frame has size of 1h.</doc>
<msg timestamp="20230208 14:13:05.771" level="INFO">1AAuth eyJ1c2VySWQiOiAiQVBQVUkxQTAxIiwgIm9mZmljZUlkIjogIk5DRTFBMDk1NSIsICJ0aW1lc3RhbXAiOiAiMjAyMy0wMi0wOFQxMzoxMzowNSIsICJub25jZSI6ICJUMXBXTWxoUFVVSk1TVVpSU2s5V1RsRk1UVFpNVVRsWCIsICJwYXNzd29yZCI6ICJ4QWhYa1lDeEJRVkRwdzFuTjBibFV1MFp1M0k9IiwgIm9yZ2FuaXphdGlvbiI6ICIxQSJ9
{"errors":[{"code":"34629","title":"NO RESULT FOUND"}]}</msg>
<msg timestamp="20230208 14:13:05.772" level="INFO">${status} = 200</msg>
<msg timestamp="20230208 14:13:05.772" level="INFO">${card_list} = {'errors': [{'code': '34629', 'title': 'NO RESULT FOUND'}]}</msg>
<status status="PASS" starttime="20230208 14:13:05.331" endtime="20230208 14:13:05.772"/>
</kw>
<kw name="Should Be Equal" library="BuiltIn">
<arg>${status}</arg>
<arg>${200}</arg>
<doc>Fails if the given objects are unequal.</doc>
<status status="PASS" starttime="20230208 14:13:05.772" endtime="20230208 14:13:05.773"/>
</kw>
<return>
<value>${card_list}</value>
<status status="PASS" starttime="20230208 14:13:05.773" endtime="20230208 14:13:05.773"/>
</return>
<msg timestamp="20230208 14:13:05.773" level="INFO">${card_list} = {'errors': [{'code': '34629', 'title': 'NO RESULT FOUND'}]}</msg>
<status status="PASS" starttime="20230208 14:13:05.330" endtime="20230208 14:13:05.773"/>
</kw>
<if>
<branch type="IF" condition="'errors' in ${card_list}">
<kw name="Log To Console" library="BuiltIn">
<arg>\n No cards found in the current time frame</arg>
<doc>Logs the given message to the console.</doc>
<status status="PASS" starttime="20230208 14:13:05.773" endtime="20230208 14:13:05.774"/>
</kw>
<continue>
<status status="PASS" starttime="20230208 14:13:05.774" endtime="20230208 14:13:05.774"/>
</continue>
<status status="PASS" starttime="20230208 14:13:05.773" endtime="20230208 14:13:05.774"/>
</branch>
<status status="PASS" starttime="20230208 14:13:05.773" endtime="20230208 14:13:05.774"/>
</if>
<kw name="Get Ids From Card List" library="b2bwallet_rest_api_operations">
<var>@{ids}</var>
<arg>${providers}</arg>
<arg>${card_list}</arg>
<doc>Based on the received providers, extracts all the ids of the cards present in the card_list
and returns all of them as a list</doc>
<status status="NOT RUN" starttime="20230208 14:13:05.774" endtime="20230208 14:13:05.774"/>
</kw>
<kw name="Check Deleted Cards" library="Batch_deletion_Model">
<var>@{deleted_cards}</var>
<arg>${base_url}${REST_virtual_cards_URI}</arg>
<arg>${APPUI1A01}</arg>
<arg>${ids}</arg>
<doc>Deletes a list of cards using their ids,
returning a list of tuples composed by:
- the status_code of the operation
- the message related to the operation
- the id of the involved card</doc>
<status status="NOT RUN" starttime="20230208 14:13:05.774" endtime="20230208 14:13:05.774"/>
</kw>
<kw name="Log To Console" library="BuiltIn">
<arg>\n deleted_cards: ${deleted cards}</arg>
<doc>Logs the given message to the console.</doc>
<status status="NOT RUN" starttime="20230208 14:13:05.775" endtime="20230208 14:13:05.775"/>
</kw>
<kw name="Append" library="b2bwallet_rest_api_operations">
<var>@{report}</var>
<arg>${report}</arg>
<arg>${deleted_cards}</arg>
<status status="NOT RUN" starttime="20230208 14:13:05.775" endtime="20230208 14:13:05.775"/>
</kw>
<status status="PASS" starttime="20230208 14:13:05.328" endtime="20230208 14:13:05.775"/>
</iter>
<iter>
<var name="${frame}">2023-01-09T16-13-04</var>
<kw name="Add Time To Date" library="DateTime">
<var>${next_frame}</var>
<arg>${frame}</arg>
<arg>1 hour</arg>
<arg>result_format=%Y-%m-%dT%H-%M-%S</arg>
<doc>Adds time to date and returns the resulting date.</doc>
<msg timestamp="20230208 14:13:05.776" level="INFO">${next_frame} = 2023-01-09T17-13-04</msg>
<status status="PASS" starttime="20230208 14:13:05.775" endtime="20230208 14:13:05.776"/>
</kw>
<kw name="Log To Console" library="BuiltIn">
<arg>\n Analizing time frame ${frame}, ${next_frame}</arg>
<doc>Logs the given message to the console.</doc>
<status status="PASS" starttime="20230208 14:13:05.776" endtime="20230208 14:13:05.776"/>
</kw>
<kw name="Check Get Card List" library="Batch_deletion_Model">
<var>${card_list}</var>
<arg>${base_url}${REST_virtual_cards_URI}</arg>
<arg>${APPUI1A01}</arg>
<arg>${frame}</arg>
<arg>${state}</arg>
<doc>Performs a Get/virtualCards for a specific time frame,
checks if the response's status is 200
and returns the card list retrieved
Confluence url: https://rndwww.nce.amadeus.net/confluence/pages/viewpage.action?pageId=861225058</doc>
<kw name="Get Card List" library="b2bwallet_rest_api_operations">
<var>${status}</var>
<var>${card_list}</var>
<arg>${url}</arg>
<arg>${user}</arg>
<arg>${time_frame}</arg>
<arg>${status}</arg>
<doc>Performs the GET /virtualCards?creationBeginDate={Date&amp;Time}&amp;creationEndDate={Date&amp;Time} for the given time_frame
and returns the status_code and the cards list as a json.
The time frame has size of 1h.</doc>
<msg timestamp="20230208 14:13:05.895" level="INFO">1AAuth eyJ1c2VySWQiOiAiQVBQVUkxQTAxIiwgIm9mZmljZUlkIjogIk5DRTFBMDk1NSIsICJ0aW1lc3RhbXAiOiAiMjAyMy0wMi0wOFQxMzoxMzowNSIsICJub25jZSI6ICJSVXhXUnpCUFdrUkVNMVE0TnpOSVQxRkxVVlJYTTFZMiIsICJwYXNzd29yZCI6ICI1b3JKSkNrRTJxMzJRTWVqSDhGU2FwY3h2Um89IiwgIm9yZ2FuaXphdGlvbiI6ICIxQSJ9
{"errors":[{"code":"34629","title":"NO RESULT FOUND"}]}</msg>
<msg timestamp="20230208 14:13:05.895" level="INFO">${status} = 200</msg>
<msg timestamp="20230208 14:13:05.896" level="INFO">${card_list} = {'errors': [{'code': '34629', 'title': 'NO RESULT FOUND'}]}</msg>
<status status="PASS" starttime="20230208 14:13:05.777" endtime="20230208 14:13:05.896"/>
</kw>
<kw name="Should Be Equal" library="BuiltIn">
<arg>${status}</arg>
<arg>${200}</arg>
<doc>Fails if the given objects are unequal.</doc>
<status status="PASS" starttime="20230208 14:13:05.896" endtime="20230208 14:13:05.896"/>
</kw>
<return>
<value>${card_list}</value>
<status status="PASS" starttime="20230208 14:13:05.896" endtime="20230208 14:13:05.897"/>
</return>
<msg timestamp="20230208 14:13:05.897" level="INFO">${card_list} = {'errors': [{'code': '34629', 'title': 'NO RESULT FOUND'}]}</msg>
<status status="PASS" starttime="20230208 14:13:05.776" endtime="20230208 14:13:05.897"/>
</kw>
<if>
<branch type="IF" condition="'errors' in ${card_list}">
<kw name="Log To Console" library="BuiltIn">
<arg>\n No cards found in the current time frame</arg>
<doc>Logs the given message to the console.</doc>
<status status="PASS" starttime="20230208 14:13:05.897" endtime="20230208 14:13:05.897"/>
</kw>
<continue>
<status status="PASS" starttime="20230208 14:13:05.898" endtime="20230208 14:13:05.898"/>
</continue>
<status status="PASS" starttime="20230208 14:13:05.897" endtime="20230208 14:13:05.898"/>
</branch>
<status status="PASS" starttime="20230208 14:13:05.897" endtime="20230208 14:13:05.898"/>
</if>
<kw name="Get Ids From Card List" library="b2bwallet_rest_api_operations">
<var>@{ids}</var>
<arg>${providers}</arg>
<arg>${card_list}</arg>
<doc>Based on the received providers, extracts all the ids of the cards present in the card_list
and returns all of them as a list</doc>
<status status="NOT RUN" starttime="20230208 14:13:05.898" endtime="20230208 14:13:05.898"/>
</kw>
<kw name="Check Deleted Cards" library="Batch_deletion_Model">
<var>@{deleted_cards}</var>
<arg>${base_url}${REST_virtual_cards_URI}</arg>
<arg>${APPUI1A01}</arg>
<arg>${ids}</arg>
<doc>Deletes a list of cards using their ids,
returning a list of tuples composed by:
- the status_code of the operation
- the message related to the operation
- the id of the involved card</doc>
<status status="NOT RUN" starttime="20230208 14:13:05.898" endtime="20230208 14:13:05.898"/>
</kw>
<kw name="Log To Console" library="BuiltIn">
<arg>\n deleted_cards: ${deleted cards}</arg>
<doc>Logs the given message to the console.</doc>
<status status="NOT RUN" starttime="20230208 14:13:05.899" endtime="20230208 14:13:05.899"/>
</kw>
<kw name="Append" library="b2bwallet_rest_api_operations">
<var>@{report}</var>
<arg>${report}</arg>
<arg>${deleted_cards}</arg>
<status status="NOT RUN" starttime="20230208 14:13:05.899" endtime="20230208 14:13:05.899"/>
</kw>
<status status="PASS" starttime="20230208 14:13:05.775" endtime="20230208 14:13:05.899"/>
</iter>
<iter>
<var name="${frame}">2023-01-09T17-13-04</var>
<kw name="Add Time To Date" library="DateTime">
<var>${next_frame}</var>
<arg>${frame}</arg>
<arg>1 hour</arg>
<arg>result_format=%Y-%m-%dT%H-%M-%S</arg>
<doc>Adds time to date and returns the resulting date.</doc>
<msg timestamp="20230208 14:13:05.899" level="INFO">${next_frame} = 2023-01-09T18-13-04</msg>
<status status="PASS" starttime="20230208 14:13:05.899" endtime="20230208 14:13:05.900"/>
</kw>
<kw name="Log To Console" library="BuiltIn">
<arg>\n Analizing time frame ${frame}, ${next_frame}</arg>
<doc>Logs the given message to the console.</doc>
<status status="PASS" starttime="20230208 14:13:05.900" endtime="20230208 14:13:05.900"/>
</kw>
<kw name="Check Get Card List" library="Batch_deletion_Model">
<var>${card_list}</var>
<arg>${base_url}${REST_virtual_cards_URI}</arg>
<arg>${APPUI1A01}</arg>
<arg>${frame}</arg>
<arg>${state}</arg>
<doc>Performs a Get/virtualCards for a specific time frame,
checks if the response's status is 200
and returns the card list retrieved
Confluence url: https://rndwww.nce.amadeus.net/confluence/pages/viewpage.action?pageId=861225058</doc>
<kw name="Get Card List" library="b2bwallet_rest_api_operations">
<var>${status}</var>
<var>${card_list}</var>
<arg>${url}</arg>
<arg>${user}</arg>
<arg>${time_frame}</arg>
<arg>${status}</arg>
<doc>Performs the GET /virtualCards?creationBeginDate={Date&amp;Time}&amp;creationEndDate={Date&amp;Time} for the given time_frame
and returns the status_code and the cards list as a json.
The time frame has size of 1h.</doc>
<msg timestamp="20230208 14:13:06.041" level="INFO">1AAuth eyJ1c2VySWQiOiAiQVBQVUkxQTAxIiwgIm9mZmljZUlkIjogIk5DRTFBMDk1NSIsICJ0aW1lc3RhbXAiOiAiMjAyMy0wMi0wOFQxMzoxMzowNSIsICJub25jZSI6ICJTRlZKVDA0Mk16aFlTMFk0V2s4MVVsRklSRkJTV2xZeiIsICJwYXNzd29yZCI6ICJjclJNMlZZK2MvTmhJNE1PQkZXTWM0SmxzaTg9IiwgIm9yZ2FuaXphdGlvbiI6ICIxQSJ9
{"errors":[{"code":"34629","title":"NO RESULT FOUND"}]}</msg>
<msg timestamp="20230208 14:13:06.042" level="INFO">${status} = 200</msg>
<msg timestamp="20230208 14:13:06.042" level="INFO">${card_list} = {'errors': [{'code': '34629', 'title': 'NO RESULT FOUND'}]}</msg>
<status status="PASS" starttime="20230208 14:13:05.900" endtime="20230208 14:13:06.042"/>
</kw>
<kw name="Should Be Equal" library="BuiltIn">
<arg>${status}</arg>
<arg>${200}</arg>
<doc>Fails if the given objects are unequal.</doc>
<status status="PASS" starttime="20230208 14:13:06.042" endtime="20230208 14:13:06.043"/>
</kw>
<return>
<value>${card_list}</value>
<status status="PASS" starttime="20230208 14:13:06.043" endtime="20230208 14:13:06.043"/>
</return>
<msg timestamp="20230208 14:13:06.043" level="INFO">${card_list} = {'errors': [{'code': '34629', 'title': 'NO RESULT FOUND'}]}</msg>
<status status="PASS" starttime="20230208 14:13:05.900" endtime="20230208 14:13:06.043"/>
</kw>
<if>
<branch type="IF" condition="'errors' in ${card_list}">
<kw name="Log To Console" library="BuiltIn">
<arg>\n No cards found in the current time frame</arg>
<doc>Logs the given message to the console.</doc>
<status status="PASS" starttime="20230208 14:13:06.044" endtime="20230208 14:13:06.044"/>
</kw>
<continue>
<status status="PASS" starttime="20230208 14:13:06.044" endtime="20230208 14:13:06.045"/>
</continue>
<status status="PASS" starttime="20230208 14:13:06.043" endtime="20230208 14:13:06.045"/>
</branch>
<status status="PASS" starttime="20230208 14:13:06.043" endtime="20230208 14:13:06.045"/>
</if>
<kw name="Get Ids From Card List" library="b2bwallet_rest_api_operations">
<var>@{ids}</var>
<arg>${providers}</arg>
<arg>${card_list}</arg>
<doc>Based on the received providers, extracts all the ids of the cards present in the card_list
and returns all of them as a list</doc>
<status status="NOT RUN" starttime="20230208 14:13:06.045" endtime="20230208 14:13:06.045"/>
</kw>
<kw name="Check Deleted Cards" library="Batch_deletion_Model">
<var>@{deleted_cards}</var>
<arg>${base_url}${REST_virtual_cards_URI}</arg>
<arg>${APPUI1A01}</arg>
<arg>${ids}</arg>
<doc>Deletes a list of cards using their ids,
returning a list of tuples composed by:
- the status_code of the operation
- the message related to the operation
- the id of the involved card</doc>
<status status="NOT RUN" starttime="20230208 14:13:06.045" endtime="20230208 14:13:06.045"/>
</kw>
<kw name="Log To Console" library="BuiltIn">
<arg>\n deleted_cards: ${deleted cards}</arg>
<doc>Logs the given message to the console.</doc>
<status status="NOT RUN" starttime="20230208 14:13:06.045" endtime="20230208 14:13:06.045"/>
</kw>
<kw name="Append" library="b2bwallet_rest_api_operations">
<var>@{report}</var>
<arg>${report}</arg>
<arg>${deleted_cards}</arg>
<status status="NOT RUN" starttime="20230208 14:13:06.046" endtime="20230208 14:13:06.046"/>
</kw>
<status status="PASS" starttime="20230208 14:13:05.899" endtime="20230208 14:13:06.046"/>
</iter>
<iter>
<var name="${frame}">2023-01-09T18-13-04</var>
<kw name="Add Time To Date" library="DateTime">
<var>${next_frame}</var>
<arg>${frame}</arg>
<arg>1 hour</arg>
<arg>result_format=%Y-%m-%dT%H-%M-%S</arg>
<doc>Adds time to date and returns the resulting date.</doc>
<msg timestamp="20230208 14:13:06.046" level="INFO">${next_frame} = 2023-01-09T19-13-04</msg>
<status status="PASS" starttime="20230208 14:13:06.046" endtime="20230208 14:13:06.047"/>
</kw>
<kw name="Log To Console" library="BuiltIn">
<arg>\n Analizing time frame ${frame}, ${next_frame}</arg>
<doc>Logs the given message to the console.</doc>
<status status="PASS" starttime="20230208 14:13:06.047" endtime="20230208 14:13:06.048"/>
</kw>
<kw name="Check Get Card List" library="Batch_deletion_Model">
<var>${card_list}</var>
<arg>${base_url}${REST_virtual_cards_URI}</arg>
<arg>${APPUI1A01}</arg>
<arg>${frame}</arg>
<arg>${state}</arg>
<doc>Performs a Get/virtualCards for a specific time frame,
checks if the response's status is 200
and returns the card list retrieved
Confluence url: https://rndwww.nce.amadeus.net/confluence/pages/viewpage.action?pageId=861225058</doc>
<kw name="Get Card List" library="b2bwallet_rest_api_operations">
<var>${status}</var>
<var>${card_list}</var>
<arg>${url}</arg>
<arg>${user}</arg>
<arg>${time_frame}</arg>
<arg>${status}</arg>
<doc>Performs the GET /virtualCards?creationBeginDate={Date&amp;Time}&amp;creationEndDate={Date&amp;Time} for the given time_frame
and returns the status_code and the cards list as a json.
The time frame has size of 1h.</doc>
<msg timestamp="20230208 14:13:06.181" level="INFO">1AAuth eyJ1c2VySWQiOiAiQVBQVUkxQTAxIiwgIm9mZmljZUlkIjogIk5DRTFBMDk1NSIsICJ0aW1lc3RhbXAiOiAiMjAyMy0wMi0wOFQxMzoxMzowNiIsICJub25jZSI6ICJOalJPUVZsTlVERlhOMW8zVkRVM1EwMUtNVVpNT1RWRSIsICJwYXNzd29yZCI6ICJLTDB1N0FjaUR2K1FQKys5bEZ1UCt5Q2FiMUU9IiwgIm9yZ2FuaXphdGlvbiI6ICIxQSJ9
{"errors":[{"code":"34629","title":"NO RESULT FOUND"}]}</msg>
<msg timestamp="20230208 14:13:06.181" level="INFO">${status} = 200</msg>
<msg timestamp="20230208 14:13:06.181" level="INFO">${card_list} = {'errors': [{'code': '34629', 'title': 'NO RESULT FOUND'}]}</msg>
<status status="PASS" starttime="20230208 14:13:06.049" endtime="20230208 14:13:06.181"/>
</kw>
<kw name="Should Be Equal" library="BuiltIn">
<arg>${status}</arg>
<arg>${200}</arg>
<doc>Fails if the given objects are unequal.</doc>
<status status="PASS" starttime="20230208 14:13:06.182" endtime="20230208 14:13:06.183"/>
</kw>
<return>
<value>${card_list}</value>
<status status="PASS" starttime="20230208 14:13:06.183" endtime="20230208 14:13:06.183"/>
</return>
<msg timestamp="20230208 14:13:06.183" level="INFO">${card_list} = {'errors': [{'code': '34629', 'title': 'NO RESULT FOUND'}]}</msg>
<status status="PASS" starttime="20230208 14:13:06.048" endtime="20230208 14:13:06.183"/>
</kw>
<if>
<branch type="IF" condition="'errors' in ${card_list}">
<kw name="Log To Console" library="BuiltIn">
<arg>\n No cards found in the current time frame</arg>
<doc>Logs the given message to the console.</doc>
<status status="PASS" starttime="20230208 14:13:06.184" endtime="20230208 14:13:06.186"/>
</kw>
<continue>
<status status="PASS" starttime="20230208 14:13:06.186" endtime="20230208 14:13:06.186"/>
</continue>
<status status="PASS" starttime="20230208 14:13:06.184" endtime="20230208 14:13:06.187"/>
</branch>
<status status="PASS" starttime="20230208 14:13:06.184" endtime="20230208 14:13:06.187"/>
</if>
<kw name="Get Ids From Card List" library="b2bwallet_rest_api_operations">
<var>@{ids}</var>
<arg>${providers}</arg>
<arg>${card_list}</arg>
<doc>Based on the received providers, extracts all the ids of the cards present in the card_list
and returns all of them as a list</doc>
<status status="NOT RUN" starttime="20230208 14:13:06.188" endtime="20230208 14:13:06.188"/>
</kw>
<kw name="Check Deleted Cards" library="Batch_deletion_Model">
<var>@{deleted_cards}</var>
<arg>${base_url}${REST_virtual_cards_URI}</arg>
<arg>${APPUI1A01}</arg>
<arg>${ids}</arg>
<doc>Deletes a list of cards using their ids,
returning a list of tuples composed by:
- the status_code of the operation
- the message related to the operation
- the id of the involved card</doc>
<status status="NOT RUN" starttime="20230208 14:13:06.189" endtime="20230208 14:13:06.189"/>
</kw>
<kw name="Log To Console" library="BuiltIn">
<arg>\n deleted_cards: ${deleted cards}</arg>
<doc>Logs the given message to the console.</doc>
<status status="NOT RUN" starttime="20230208 14:13:06.189" endtime="20230208 14:13:06.189"/>
</kw>
<kw name="Append" library="b2bwallet_rest_api_operations">
<var>@{report}</var>
<arg>${report}</arg>
<arg>${deleted_cards}</arg>
<status status="NOT RUN" starttime="20230208 14:13:06.190" endtime="20230208 14:13:06.190"/>
</kw>
<status status="PASS" starttime="20230208 14:13:06.046" endtime="20230208 14:13:06.190"/>
</iter>
<iter>
<var name="${frame}">2023-01-09T19-13-04</var>
<kw name="Add Time To Date" library="DateTime">
<var>${next_frame}</var>
<arg>${frame}</arg>
<arg>1 hour</arg>
<arg>result_format=%Y-%m-%dT%H-%M-%S</arg>
<doc>Adds time to date and returns the resulting date.</doc>
<msg timestamp="20230208 14:13:06.191" level="INFO">${next_frame} = 2023-01-09T20-13-04</msg>
<status status="PASS" starttime="20230208 14:13:06.190" endtime="20230208 14:13:06.191"/>
</kw>
<kw name="Log To Console" library="BuiltIn">
<arg>\n Analizing time frame ${frame}, ${next_frame}</arg>
<doc>Logs the given message to the console.</doc>
<status status="PASS" starttime="20230208 14:13:06.191" endtime="20230208 14:13:06.192"/>
</kw>
<kw name="Check Get Card List" library="Batch_deletion_Model">
<var>${card_list}</var>
<arg>${base_url}${REST_virtual_cards_URI}</arg>
<arg>${APPUI1A01}</arg>
<arg>${frame}</arg>
<arg>${state}</arg>
<doc>Performs a Get/virtualCards for a specific time frame,
checks if the response's status is 200
and returns the card list retrieved
Confluence url: https://rndwww.nce.amadeus.net/confluence/pages/viewpage.action?pageId=861225058</doc>
<kw name="Get Card List" library="b2bwallet_rest_api_operations">
<var>${status}</var>
<var>${card_list}</var>
<arg>${url}</arg>
<arg>${user}</arg>
<arg>${time_frame}</arg>
<arg>${status}</arg>
<doc>Performs the GET /virtualCards?creationBeginDate={Date&amp;Time}&amp;creationEndDate={Date&amp;Time} for the given time_frame
and returns the status_code and the cards list as a json.
The time frame has size of 1h.</doc>
<msg timestamp="20230208 14:13:06.322" level="INFO">1AAuth eyJ1c2VySWQiOiAiQVBQVUkxQTAxIiwgIm9mZmljZUlkIjogIk5DRTFBMDk1NSIsICJ0aW1lc3RhbXAiOiAiMjAyMy0wMi0wOFQxMzoxMzowNiIsICJub25jZSI6ICJTMUpWUzBwT1dURldWVkZVVVRCSlFWUkZRMEZVVkVJeiIsICJwYXNzd29yZCI6ICJhUE1TVzFkU1V5RVl3aERGU1Jua29scUIyYms9IiwgIm9yZ2FuaXphdGlvbiI6ICIxQSJ9
{"errors":[{"code":"34629","title":"NO RESULT FOUND"}]}</msg>
<msg timestamp="20230208 14:13:06.323" level="INFO">${status} = 200</msg>
<msg timestamp="20230208 14:13:06.323" level="INFO">${card_list} = {'errors': [{'code': '34629', 'title': 'NO RESULT FOUND'}]}</msg>
<status status="PASS" starttime="20230208 14:13:06.192" endtime="20230208 14:13:06.323"/>
</kw>
<kw name="Should Be Equal" library="BuiltIn">
<arg>${status}</arg>
<arg>${200}</arg>
<doc>Fails if the given objects are unequal.</doc>
<status status="PASS" starttime="20230208 14:13:06.323" endtime="20230208 14:13:06.324"/>
</kw>
<return>
<value>${card_list}</value>
<status status="PASS" starttime="20230208 14:13:06.324" endtime="20230208 14:13:06.324"/>
</return>
<msg timestamp="20230208 14:13:06.324" level="INFO">${card_list} = {'errors': [{'code': '34629', 'title': 'NO RESULT FOUND'}]}</msg>
<status status="PASS" starttime="20230208 14:13:06.192" endtime="20230208 14:13:06.324"/>
</kw>
<if>
<branch type="IF" condition="'errors' in ${card_list}">
<kw name="Log To Console" library="BuiltIn">
<arg>\n No cards found in the current time frame</arg>
<doc>Logs the given message to the console.</doc>
<status status="PASS" starttime="20230208 14:13:06.325" endtime="20230208 14:13:06.325"/>
</kw>
<continue>
<status status="PASS" starttime="20230208 14:13:06.325" endtime="20230208 14:13:06.325"/>
</continue>
<status status="PASS" starttime="20230208 14:13:06.324" endtime="20230208 14:13:06.325"/>
</branch>
<status status="PASS" starttime="20230208 14:13:06.324" endtime="20230208 14:13:06.325"/>
</if>
<kw name="Get Ids From Card List" library="b2bwallet_rest_api_operations">
<var>@{ids}</var>
<arg>${providers}</arg>
<arg>${card_list}</arg>
<doc>Based on the received providers, extracts all the ids of the cards present in the card_list
and returns all of them as a list</doc>
<status status="NOT RUN" starttime="20230208 14:13:06.325" endtime="20230208 14:13:06.326"/>
</kw>
<kw name="Check Deleted Cards" library="Batch_deletion_Model">
<var>@{deleted_cards}</var>
<arg>${base_url}${REST_virtual_cards_URI}</arg>
<arg>${APPUI1A01}</arg>
<arg>${ids}</arg>
<doc>Deletes a list of cards using their ids,
returning a list of tuples composed by:
- the status_code of the operation
- the message related to the operation
- the id of the involved card</doc>
<status status="NOT RUN" starttime="20230208 14:13:06.326" endtime="20230208 14:13:06.326"/>
</kw>
<kw name="Log To Console" library="BuiltIn">
<arg>\n deleted_cards: ${deleted cards}</arg>
<doc>Logs the given message to the console.</doc>
<status status="NOT RUN" starttime="20230208 14:13:06.326" endtime="20230208 14:13:06.326"/>
</kw>
<kw name="Append" library="b2bwallet_rest_api_operations">
<var>@{report}</var>
<arg>${report}</arg>
<arg>${deleted_cards}</arg>
<status status="NOT RUN" starttime="20230208 14:13:06.326" endtime="20230208 14:13:06.326"/>
</kw>
<status status="PASS" starttime="20230208 14:13:06.190" endtime="20230208 14:13:06.326"/>
</iter>
<iter>
<var name="${frame}">2023-01-09T20-13-04</var>
<kw name="Add Time To Date" library="DateTime">
<var>${next_frame}</var>
<arg>${frame}</arg>
<arg>1 hour</arg>
<arg>result_format=%Y-%m-%dT%H-%M-%S</arg>
<doc>Adds time to date and returns the resulting date.</doc>
<msg timestamp="20230208 14:13:06.327" level="INFO">${next_frame} = 2023-01-09T21-13-04</msg>
<status status="PASS" starttime="20230208 14:13:06.326" endtime="20230208 14:13:06.327"/>
</kw>
<kw name="Log To Console" library="BuiltIn">
<arg>\n Analizing time frame ${frame}, ${next_frame}</arg>
<doc>Logs the given message to the console.</doc>
<status status="PASS" starttime="20230208 14:13:06.327" endtime="20230208 14:13:06.328"/>
</kw>
<kw name="Check Get Card List" library="Batch_deletion_Model">
<var>${card_list}</var>
<arg>${base_url}${REST_virtual_cards_URI}</arg>
<arg>${APPUI1A01}</arg>
<arg>${frame}</arg>
<arg>${state}</arg>
<doc>Performs a Get/virtualCards for a specific time frame,
checks if the response's status is 200
and returns the card list retrieved
Confluence url: https://rndwww.nce.amadeus.net/confluence/pages/viewpage.action?pageId=861225058</doc>
<kw name="Get Card List" library="b2bwallet_rest_api_operations">
<var>${status}</var>
<var>${card_list}</var>
<arg>${url}</arg>
<arg>${user}</arg>
<arg>${time_frame}</arg>
<arg>${status}</arg>
<doc>Performs the GET /virtualCards?creationBeginDate={Date&amp;Time}&amp;creationEndDate={Date&amp;Time} for the given time_frame
and returns the status_code and the cards list as a json.
The time frame has size of 1h.</doc>
<msg timestamp="20230208 14:13:06.455" level="INFO">1AAuth eyJ1c2VySWQiOiAiQVBQVUkxQTAxIiwgIm9mZmljZUlkIjogIk5DRTFBMDk1NSIsICJ0aW1lc3RhbXAiOiAiMjAyMy0wMi0wOFQxMzoxMzowNiIsICJub25jZSI6ICJVa2syU2pJd1FrOVFVRTVYTXpsYVJWTlFWakZPVGtaSyIsICJwYXNzd29yZCI6ICJYaXNjNUw2Q1NUeGJIaHhadU9nVW1uUmRwSVU9IiwgIm9yZ2FuaXphdGlvbiI6ICIxQSJ9
{"errors":[{"code":"34629","title":"NO RESULT FOUND"}]}</msg>
<msg timestamp="20230208 14:13:06.456" level="INFO">${status} = 200</msg>
<msg timestamp="20230208 14:13:06.456" level="INFO">${card_list} = {'errors': [{'code': '34629', 'title': 'NO RESULT FOUND'}]}</msg>
<status status="PASS" starttime="20230208 14:13:06.328" endtime="20230208 14:13:06.456"/>
</kw>
<kw name="Should Be Equal" library="BuiltIn">
<arg>${status}</arg>
<arg>${200}</arg>
<doc>Fails if the given objects are unequal.</doc>
<status status="PASS" starttime="20230208 14:13:06.456" endtime="20230208 14:13:06.456"/>
</kw>
<return>
<value>${card_list}</value>
<status status="PASS" starttime="20230208 14:13:06.457" endtime="20230208 14:13:06.457"/>
</return>
<msg timestamp="20230208 14:13:06.457" level="INFO">${card_list} = {'errors': [{'code': '34629', 'title': 'NO RESULT FOUND'}]}</msg>
<status status="PASS" starttime="20230208 14:13:06.328" endtime="20230208 14:13:06.457"/>
</kw>
<if>
<branch type="IF" condition="'errors' in ${card_list}">
<kw name="Log To Console" library="BuiltIn">
<arg>\n No cards found in the current time frame</arg>
<doc>Logs the given message to the console.</doc>
<status status="PASS" starttime="20230208 14:13:06.457" endtime="20230208 14:13:06.458"/>
</kw>
<continue>
<status status="PASS" starttime="20230208 14:13:06.458" endtime="20230208 14:13:06.458"/>
</continue>
<status status="PASS" starttime="20230208 14:13:06.457" endtime="20230208 14:13:06.458"/>
</branch>
<status status="PASS" starttime="20230208 14:13:06.457" endtime="20230208 14:13:06.458"/>
</if>
<kw name="Get Ids From Card List" library="b2bwallet_rest_api_operations">
<var>@{ids}</var>
<arg>${providers}</arg>
<arg>${card_list}</arg>
<doc>Based on the received providers, extracts all the ids of the cards present in the card_list
and returns all of them as a list</doc>
<status status="NOT RUN" starttime="20230208 14:13:06.458" endtime="20230208 14:13:06.458"/>
</kw>
<kw name="Check Deleted Cards" library="Batch_deletion_Model">
<var>@{deleted_cards}</var>
<arg>${base_url}${REST_virtual_cards_URI}</arg>
<arg>${APPUI1A01}</arg>
<arg>${ids}</arg>
<doc>Deletes a list of cards using their ids,
returning a list of tuples composed by:
- the status_code of the operation
- the message related to the operation
- the id of the involved card</doc>
<status status="NOT RUN" starttime="20230208 14:13:06.458" endtime="20230208 14:13:06.459"/>
</kw>
<kw name="Log To Console" library="BuiltIn">
<arg>\n deleted_cards: ${deleted cards}</arg>
<doc>Logs the given message to the console.</doc>
<status status="NOT RUN" starttime="20230208 14:13:06.459" endtime="20230208 14:13:06.459"/>
</kw>
<kw name="Append" library="b2bwallet_rest_api_operations">
<var>@{report}</var>
<arg>${report}</arg>
<arg>${deleted_cards}</arg>
<status status="NOT RUN" starttime="20230208 14:13:06.459" endtime="20230208 14:13:06.459"/>
</kw>
<status status="PASS" starttime="20230208 14:13:06.326" endtime="20230208 14:13:06.459"/>
</iter>
<iter>
<var name="${frame}">2023-01-09T21-13-04</var>
<kw name="Add Time To Date" library="DateTime">
<var>${next_frame}</var>
<arg>${frame}</arg>
<arg>1 hour</arg>
<arg>result_format=%Y-%m-%dT%H-%M-%S</arg>
<doc>Adds time to date and returns the resulting date.</doc>
<msg timestamp="20230208 14:13:06.459" level="INFO">${next_frame} = 2023-01-09T22-13-04</msg>
<status status="PASS" starttime="20230208 14:13:06.459" endtime="20230208 14:13:06.459"/>
</kw>
<kw name="Log To Console" library="BuiltIn">
<arg>\n Analizing time frame ${frame}, ${next_frame}</arg>
<doc>Logs the given message to the console.</doc>
<status status="PASS" starttime="20230208 14:13:06.459" endtime="20230208 14:13:06.459"/>
</kw>
<kw name="Check Get Card List" library="Batch_deletion_Model">
<var>${card_list}</var>
<arg>${base_url}${REST_virtual_cards_URI}</arg>
<arg>${APPUI1A01}</arg>
<arg>${frame}</arg>
<arg>${state}</arg>
<doc>Performs a Get/virtualCards for a specific time frame,
checks if the response's status is 200
and returns the card list retrieved
Confluence url: https://rndwww.nce.amadeus.net/confluence/pages/viewpage.action?pageId=861225058</doc>
<kw name="Get Card List" library="b2bwallet_rest_api_operations">
<var>${status}</var>
<var>${card_list}</var>
<arg>${url}</arg>
<arg>${user}</arg>
<arg>${time_frame}</arg>
<arg>${status}</arg>
<doc>Performs the GET /virtualCards?creationBeginDate={Date&amp;Time}&amp;creationEndDate={Date&amp;Time} for the given time_frame
and returns the status_code and the cards list as a json.
The time frame has size of 1h.</doc>
<msg timestamp="20230208 14:13:06.589" level="INFO">1AAuth eyJ1c2VySWQiOiAiQVBQVUkxQTAxIiwgIm9mZmljZUlkIjogIk5DRTFBMDk1NSIsICJ0aW1lc3RhbXAiOiAiMjAyMy0wMi0wOFQxMzoxMzowNiIsICJub25jZSI6ICJTMHRCV0ZoYU5rdEpUREV6VkU0eFJEbFZRbFpXVmtaSyIsICJwYXNzd29yZCI6ICJCRWRONXlzN2JtdWY2RElpQzZGaFFKUWdXbVE9IiwgIm9yZ2FuaXphdGlvbiI6ICIxQSJ9
{"errors":[{"code":"34629","title":"NO RESULT FOUND"}]}</msg>
<msg timestamp="20230208 14:13:06.589" level="INFO">${status} = 200</msg>
<msg timestamp="20230208 14:13:06.589" level="INFO">${card_list} = {'errors': [{'code': '34629', 'title': 'NO RESULT FOUND'}]}</msg>
<status status="PASS" starttime="20230208 14:13:06.460" endtime="20230208 14:13:06.590"/>
</kw>
<kw name="Should Be Equal" library="BuiltIn">
<arg>${status}</arg>
<arg>${200}</arg>
<doc>Fails if the given objects are unequal.</doc>
<status status="PASS" starttime="20230208 14:13:06.590" endtime="20230208 14:13:06.590"/>
</kw>
<return>
<value>${card_list}</value>
<status status="PASS" starttime="20230208 14:13:06.591" endtime="20230208 14:13:06.591"/>
</return>
<msg timestamp="20230208 14:13:06.591" level="INFO">${card_list} = {'errors': [{'code': '34629', 'title': 'NO RESULT FOUND'}]}</msg>
<status status="PASS" starttime="20230208 14:13:06.460" endtime="20230208 14:13:06.591"/>
</kw>
<if>
<branch type="IF" condition="'errors' in ${card_list}">
<kw name="Log To Console" library="BuiltIn">
<arg>\n No cards found in the current time frame</arg>
<doc>Logs the given message to the console.</doc>
<status status="PASS" starttime="20230208 14:13:06.591" endtime="20230208 14:13:06.592"/>
</kw>
<continue>
<status status="PASS" starttime="20230208 14:13:06.592" endtime="20230208 14:13:06.592"/>
</continue>
<status status="PASS" starttime="20230208 14:13:06.591" endtime="20230208 14:13:06.592"/>
</branch>
<status status="PASS" starttime="20230208 14:13:06.591" endtime="20230208 14:13:06.593"/>
</if>
<kw name="Get Ids From Card List" library="b2bwallet_rest_api_operations">
<var>@{ids}</var>
<arg>${providers}</arg>
<arg>${card_list}</arg>
<doc>Based on the received providers, extracts all the ids of the cards present in the card_list
and returns all of them as a list</doc>
<status status="NOT RUN" starttime="20230208 14:13:06.593" endtime="20230208 14:13:06.593"/>
</kw>
<kw name="Check Deleted Cards" library="Batch_deletion_Model">
<var>@{deleted_cards}</var>
<arg>${base_url}${REST_virtual_cards_URI}</arg>
<arg>${APPUI1A01}</arg>
<arg>${ids}</arg>
<doc>Deletes a list of cards using their ids,
returning a list of tuples composed by:
- the status_code of the operation
- the message related to the operation
- the id of the involved card</doc>
<status status="NOT RUN" starttime="20230208 14:13:06.593" endtime="20230208 14:13:06.593"/>
</kw>
<kw name="Log To Console" library="BuiltIn">
<arg>\n deleted_cards: ${deleted cards}</arg>
<doc>Logs the given message to the console.</doc>
<status status="NOT RUN" starttime="20230208 14:13:06.593" endtime="20230208 14:13:06.593"/>
</kw>
<kw name="Append" library="b2bwallet_rest_api_operations">
<var>@{report}</var>
<arg>${report}</arg>
<arg>${deleted_cards}</arg>
<status status="NOT RUN" starttime="20230208 14:13:06.593" endtime="20230208 14:13:06.594"/>
</kw>
<status status="PASS" starttime="20230208 14:13:06.459" endtime="20230208 14:13:06.594"/>
</iter>
<iter>
<var name="${frame}">2023-01-09T22-13-04</var>
<kw name="Add Time To Date" library="DateTime">
<var>${next_frame}</var>
<arg>${frame}</arg>
<arg>1 hour</arg>
<arg>result_format=%Y-%m-%dT%H-%M-%S</arg>
<doc>Adds time to date and returns the resulting date.</doc>
<msg timestamp="20230208 14:13:06.594" level="INFO">${next_frame} = 2023-01-09T23-13-04</msg>
<status status="PASS" starttime="20230208 14:13:06.594" endtime="20230208 14:13:06.594"/>
</kw>
<kw name="Log To Console" library="BuiltIn">
<arg>\n Analizing time frame ${frame}, ${next_frame}</arg>
<doc>Logs the given message to the console.</doc>
<status status="PASS" starttime="20230208 14:13:06.595" endtime="20230208 14:13:06.595"/>
</kw>
<kw name="Check Get Card List" library="Batch_deletion_Model">
<var>${card_list}</var>
<arg>${base_url}${REST_virtual_cards_URI}</arg>
<arg>${APPUI1A01}</arg>
<arg>${frame}</arg>
<arg>${state}</arg>
<doc>Performs a Get/virtualCards for a specific time frame,
checks if the response's status is 200
and returns the card list retrieved
Confluence url: https://rndwww.nce.amadeus.net/confluence/pages/viewpage.action?pageId=861225058</doc>
<kw name="Get Card List" library="b2bwallet_rest_api_operations">
<var>${status}</var>
<var>${card_list}</var>
<arg>${url}</arg>
<arg>${user}</arg>
<arg>${time_frame}</arg>
<arg>${status}</arg>
<doc>Performs the GET /virtualCards?creationBeginDate={Date&amp;Time}&amp;creationEndDate={Date&amp;Time} for the given time_frame
and returns the status_code and the cards list as a json.
The time frame has size of 1h.</doc>
<msg timestamp="20230208 14:13:06.729" level="INFO">1AAuth eyJ1c2VySWQiOiAiQVBQVUkxQTAxIiwgIm9mZmljZUlkIjogIk5DRTFBMDk1NSIsICJ0aW1lc3RhbXAiOiAiMjAyMy0wMi0wOFQxMzoxMzowNiIsICJub25jZSI6ICJWVU5DU1ZoWVVqTkhXbFEyTWxaWk5WRllOMUJGU2xKVyIsICJwYXNzd29yZCI6ICIwM2xQT1RKYXJ4T3hHSVpQUDdwYWJPSllmTUU9IiwgIm9yZ2FuaXphdGlvbiI6ICIxQSJ9
{"errors":[{"code":"34629","title":"NO RESULT FOUND"}]}</msg>
<msg timestamp="20230208 14:13:06.729" level="INFO">${status} = 200</msg>
<msg timestamp="20230208 14:13:06.729" level="INFO">${card_list} = {'errors': [{'code': '34629', 'title': 'NO RESULT FOUND'}]}</msg>
<status status="PASS" starttime="20230208 14:13:06.596" endtime="20230208 14:13:06.729"/>
</kw>
<kw name="Should Be Equal" library="BuiltIn">
<arg>${status}</arg>
<arg>${200}</arg>
<doc>Fails if the given objects are unequal.</doc>
<status status="PASS" starttime="20230208 14:13:06.729" endtime="20230208 14:13:06.730"/>
</kw>
<return>
<value>${card_list}</value>
<status status="PASS" starttime="20230208 14:13:06.730" endtime="20230208 14:13:06.730"/>
</return>
<msg timestamp="20230208 14:13:06.730" level="INFO">${card_list} = {'errors': [{'code': '34629', 'title': 'NO RESULT FOUND'}]}</msg>
<status status="PASS" starttime="20230208 14:13:06.595" endtime="20230208 14:13:06.731"/>
</kw>
<if>
<branch type="IF" condition="'errors' in ${card_list}">
<kw name="Log To Console" library="BuiltIn">
<arg>\n No cards found in the current time frame</arg>
<doc>Logs the given message to the console.</doc>
<status status="PASS" starttime="20230208 14:13:06.731" endtime="20230208 14:13:06.731"/>
</kw>
<continue>
<status status="PASS" starttime="20230208 14:13:06.732" endtime="20230208 14:13:06.732"/>
</continue>
<status status="PASS" starttime="20230208 14:13:06.731" endtime="20230208 14:13:06.732"/>
</branch>
<status status="PASS" starttime="20230208 14:13:06.731" endtime="20230208 14:13:06.732"/>
</if>
<kw name="Get Ids From Card List" library="b2bwallet_rest_api_operations">
<var>@{ids}</var>
<arg>${providers}</arg>
<arg>${card_list}</arg>
<doc>Based on the received providers, extracts all the ids of the cards present in the card_list
and returns all of them as a list</doc>
<status status="NOT RUN" starttime="20230208 14:13:06.732" endtime="20230208 14:13:06.732"/>
</kw>
<kw name="Check Deleted Cards" library="Batch_deletion_Model">
<var>@{deleted_cards}</var>
<arg>${base_url}${REST_virtual_cards_URI}</arg>
<arg>${APPUI1A01}</arg>
<arg>${ids}</arg>
<doc>Deletes a list of cards using their ids,
returning a list of tuples composed by:
- the status_code of the operation
- the message related to the operation
- the id of the involved card</doc>
<status status="NOT RUN" starttime="20230208 14:13:06.732" endtime="20230208 14:13:06.732"/>
</kw>
<kw name="Log To Console" library="BuiltIn">
<arg>\n deleted_cards: ${deleted cards}</arg>
<doc>Logs the given message to the console.</doc>
<status status="NOT RUN" starttime="20230208 14:13:06.732" endtime="20230208 14:13:06.733"/>
</kw>
<kw name="Append" library="b2bwallet_rest_api_operations">
<var>@{report}</var>
<arg>${report}</arg>
<arg>${deleted_cards}</arg>
<status status="NOT RUN" starttime="20230208 14:13:06.733" endtime="20230208 14:13:06.733"/>
</kw>
<status status="PASS" starttime="20230208 14:13:06.594" endtime="20230208 14:13:06.733"/>
</iter>
<iter>
<var name="${frame}">2023-01-09T23-13-04</var>
<kw name="Add Time To Date" library="DateTime">
<var>${next_frame}</var>
<arg>${frame}</arg>
<arg>1 hour</arg>
<arg>result_format=%Y-%m-%dT%H-%M-%S</arg>
<doc>Adds time to date and returns the resulting date.</doc>
<msg timestamp="20230208 14:13:06.734" level="INFO">${next_frame} = 2023-01-10T00-13-04</msg>
<status status="PASS" starttime="20230208 14:13:06.733" endtime="20230208 14:13:06.734"/>
</kw>
<kw name="Log To Console" library="BuiltIn">
<arg>\n Analizing time frame ${frame}, ${next_frame}</arg>
<doc>Logs the given message to the console.</doc>
<status status="PASS" starttime="20230208 14:13:06.734" endtime="20230208 14:13:06.734"/>
</kw>
<kw name="Check Get Card List" library="Batch_deletion_Model">
<var>${card_list}</var>
<arg>${base_url}${REST_virtual_cards_URI}</arg>
<arg>${APPUI1A01}</arg>
<arg>${frame}</arg>
<arg>${state}</arg>
<doc>Performs a Get/virtualCards for a specific time frame,
checks if the response's status is 200
and returns the card list retrieved
Confluence url: https://rndwww.nce.amadeus.net/confluence/pages/viewpage.action?pageId=861225058</doc>
<kw name="Get Card List" library="b2bwallet_rest_api_operations">
<var>${status}</var>
<var>${card_list}</var>
<arg>${url}</arg>
<arg>${user}</arg>
<arg>${time_frame}</arg>
<arg>${status}</arg>
<doc>Performs the GET /virtualCards?creationBeginDate={Date&amp;Time}&amp;creationEndDate={Date&amp;Time} for the given time_frame
and returns the status_code and the cards list as a json.
The time frame has size of 1h.</doc>
<msg timestamp="20230208 14:13:06.859" level="INFO">1AAuth eyJ1c2VySWQiOiAiQVBQVUkxQTAxIiwgIm9mZmljZUlkIjogIk5DRTFBMDk1NSIsICJ0aW1lc3RhbXAiOiAiMjAyMy0wMi0wOFQxMzoxMzowNiIsICJub25jZSI6ICJRbE5LUWxCV1dqWklTRTVHUTFsR1VsRTRVVEphVDFWQiIsICJwYXNzd29yZCI6ICJjaDBsRWVodjN5MnVuWndpRWRDRmxRREpBczQ9IiwgIm9yZ2FuaXphdGlvbiI6ICIxQSJ9
{"errors":[{"code":"34629","title":"NO RESULT FOUND"}]}</msg>
<msg timestamp="20230208 14:13:06.860" level="INFO">${status} = 200</msg>
<msg timestamp="20230208 14:13:06.860" level="INFO">${card_list} = {'errors': [{'code': '34629', 'title': 'NO RESULT FOUND'}]}</msg>
<status status="PASS" starttime="20230208 14:13:06.736" endtime="20230208 14:13:06.860"/>
</kw>
<kw name="Should Be Equal" library="BuiltIn">
<arg>${status}</arg>
<arg>${200}</arg>
<doc>Fails if the given objects are unequal.</doc>
<status status="PASS" starttime="20230208 14:13:06.860" endtime="20230208 14:13:06.861"/>
</kw>
<return>
<value>${card_list}</value>
<status status="PASS" starttime="20230208 14:13:06.861" endtime="20230208 14:13:06.861"/>
</return>
<msg timestamp="20230208 14:13:06.861" level="INFO">${card_list} = {'errors': [{'code': '34629', 'title': 'NO RESULT FOUND'}]}</msg>
<status status="PASS" starttime="20230208 14:13:06.735" endtime="20230208 14:13:06.862"/>
</kw>
<if>
<branch type="IF" condition="'errors' in ${card_list}">
<kw name="Log To Console" library="BuiltIn">
<arg>\n No cards found in the current time frame</arg>
<doc>Logs the given message to the console.</doc>
<status status="PASS" starttime="20230208 14:13:06.862" endtime="20230208 14:13:06.862"/>
</kw>
<continue>
<status status="PASS" starttime="20230208 14:13:06.863" endtime="20230208 14:13:06.863"/>
</continue>
<status status="PASS" starttime="20230208 14:13:06.862" endtime="20230208 14:13:06.863"/>
</branch>
<status status="PASS" starttime="20230208 14:13:06.862" endtime="20230208 14:13:06.863"/>
</if>
<kw name="Get Ids From Card List" library="b2bwallet_rest_api_operations">
<var>@{ids}</var>
<arg>${providers}</arg>
<arg>${card_list}</arg>
<doc>Based on the received providers, extracts all the ids of the cards present in the card_list
and returns all of them as a list</doc>
<status status="NOT RUN" starttime="20230208 14:13:06.863" endtime="20230208 14:13:06.863"/>
</kw>
<kw name="Check Deleted Cards" library="Batch_deletion_Model">
<var>@{deleted_cards}</var>
<arg>${base_url}${REST_virtual_cards_URI}</arg>
<arg>${APPUI1A01}</arg>
<arg>${ids}</arg>
<doc>Deletes a list of cards using their ids,
returning a list of tuples composed by:
- the status_code of the operation
- the message related to the operation
- the id of the involved card</doc>
<status status="NOT RUN" starttime="20230208 14:13:06.864" endtime="20230208 14:13:06.864"/>
</kw>
<kw name="Log To Console" library="BuiltIn">
<arg>\n deleted_cards: ${deleted cards}</arg>
<doc>Logs the given message to the console.</doc>
<status status="NOT RUN" starttime="20230208 14:13:06.864" endtime="20230208 14:13:06.864"/>
</kw>
<kw name="Append" library="b2bwallet_rest_api_operations">
<var>@{report}</var>
<arg>${report}</arg>
<arg>${deleted_cards}</arg>
<status status="NOT RUN" starttime="20230208 14:13:06.864" endtime="20230208 14:13:06.864"/>
</kw>
<status status="PASS" starttime="20230208 14:13:06.733" endtime="20230208 14:13:06.864"/>
</iter>
<iter>
<var name="${frame}">2023-01-10T00-13-04</var>
<kw name="Add Time To Date" library="DateTime">
<var>${next_frame}</var>
<arg>${frame}</arg>
<arg>1 hour</arg>
<arg>result_format=%Y-%m-%dT%H-%M-%S</arg>
<doc>Adds time to date and returns the resulting date.</doc>
<msg timestamp="20230208 14:13:06.865" level="INFO">${next_frame} = 2023-01-10T01-13-04</msg>
<status status="PASS" starttime="20230208 14:13:06.865" endtime="20230208 14:13:06.865"/>
</kw>
<kw name="Log To Console" library="BuiltIn">
<arg>\n Analizing time frame ${frame}, ${next_frame}</arg>
<doc>Logs the given message to the console.</doc>
<status status="PASS" starttime="20230208 14:13:06.865" endtime="20230208 14:13:06.866"/>
</kw>
<kw name="Check Get Card List" library="Batch_deletion_Model">
<var>${card_list}</var>
<arg>${base_url}${REST_virtual_cards_URI}</arg>
<arg>${APPUI1A01}</arg>
<arg>${frame}</arg>
<arg>${state}</arg>
<doc>Performs a Get/virtualCards for a specific time frame,
checks if the response's status is 200
and returns the card list retrieved
Confluence url: https://rndwww.nce.amadeus.net/confluence/pages/viewpage.action?pageId=861225058</doc>
<kw name="Get Card List" library="b2bwallet_rest_api_operations">
<var>${status}</var>
<var>${card_list}</var>
<arg>${url}</arg>
<arg>${user}</arg>
<arg>${time_frame}</arg>
<arg>${status}</arg>
<doc>Performs the GET /virtualCards?creationBeginDate={Date&amp;Time}&amp;creationEndDate={Date&amp;Time} for the given time_frame
and returns the status_code and the cards list as a json.
The time frame has size of 1h.</doc>
<msg timestamp="20230208 14:13:06.993" level="INFO">1AAuth eyJ1c2VySWQiOiAiQVBQVUkxQTAxIiwgIm9mZmljZUlkIjogIk5DRTFBMDk1NSIsICJ0aW1lc3RhbXAiOiAiMjAyMy0wMi0wOFQxMzoxMzowNiIsICJub25jZSI6ICJXRU00VnpoWVFqSlFWVXBVU0ZSR1FsSmFOVGs0V1RCSyIsICJwYXNzd29yZCI6ICJ1eWZaU00zZHpVMkh6L21iaUgwdk9MM281U1U9IiwgIm9yZ2FuaXphdGlvbiI6ICIxQSJ9
{"errors":[{"code":"34629","title":"NO RESULT FOUND"}]}</msg>
<msg timestamp="20230208 14:13:06.993" level="INFO">${status} = 200</msg>
<msg timestamp="20230208 14:13:06.993" level="INFO">${card_list} = {'errors': [{'code': '34629', 'title': 'NO RESULT FOUND'}]}</msg>
<status status="PASS" starttime="20230208 14:13:06.867" endtime="20230208 14:13:06.993"/>
</kw>
<kw name="Should Be Equal" library="BuiltIn">
<arg>${status}</arg>
<arg>${200}</arg>
<doc>Fails if the given objects are unequal.</doc>
<status status="PASS" starttime="20230208 14:13:06.993" endtime="20230208 14:13:06.994"/>
</kw>
<return>
<value>${card_list}</value>
<status status="PASS" starttime="20230208 14:13:06.994" endtime="20230208 14:13:06.994"/>
</return>
<msg timestamp="20230208 14:13:06.994" level="INFO">${card_list} = {'errors': [{'code': '34629', 'title': 'NO RESULT FOUND'}]}</msg>
<status status="PASS" starttime="20230208 14:13:06.866" endtime="20230208 14:13:06.994"/>
</kw>
<if>
<branch type="IF" condition="'errors' in ${card_list}">
<kw name="Log To Console" library="BuiltIn">
<arg>\n No cards found in the current time frame</arg>
<doc>Logs the given message to the console.</doc>
<status status="PASS" starttime="20230208 14:13:06.995" endtime="20230208 14:13:06.995"/>
</kw>
<continue>
<status status="PASS" starttime="20230208 14:13:06.995" endtime="20230208 14:13:06.995"/>
</continue>
<status status="PASS" starttime="20230208 14:13:06.994" endtime="20230208 14:13:06.995"/>
</branch>
<status status="PASS" starttime="20230208 14:13:06.994" endtime="20230208 14:13:06.995"/>
</if>
<kw name="Get Ids From Card List" library="b2bwallet_rest_api_operations">
<var>@{ids}</var>
<arg>${providers}</arg>
<arg>${card_list}</arg>
<doc>Based on the received providers, extracts all the ids of the cards present in the card_list
and returns all of them as a list</doc>
<status status="NOT RUN" starttime="20230208 14:13:06.995" endtime="20230208 14:13:06.996"/>
</kw>
<kw name="Check Deleted Cards" library="Batch_deletion_Model">
<var>@{deleted_cards}</var>
<arg>${base_url}${REST_virtual_cards_URI}</arg>
<arg>${APPUI1A01}</arg>
<arg>${ids}</arg>
<doc>Deletes a list of cards using their ids,
returning a list of tuples composed by:
- the status_code of the operation
- the message related to the operation
- the id of the involved card</doc>
<status status="NOT RUN" starttime="20230208 14:13:06.996" endtime="20230208 14:13:06.996"/>
</kw>
<kw name="Log To Console" library="BuiltIn">
<arg>\n deleted_cards: ${deleted cards}</arg>
<doc>Logs the given message to the console.</doc>
<status status="NOT RUN" starttime="20230208 14:13:06.996" endtime="20230208 14:13:06.996"/>
</kw>
<kw name="Append" library="b2bwallet_rest_api_operations">
<var>@{report}</var>
<arg>${report}</arg>
<arg>${deleted_cards}</arg>
<status status="NOT RUN" starttime="20230208 14:13:06.996" endtime="20230208 14:13:06.996"/>
</kw>
<status status="PASS" starttime="20230208 14:13:06.865" endtime="20230208 14:13:06.996"/>
</iter>
<iter>
<var name="${frame}">2023-01-10T01-13-04</var>
<kw name="Add Time To Date" library="DateTime">
<var>${next_frame}</var>
<arg>${frame}</arg>
<arg>1 hour</arg>
<arg>result_format=%Y-%m-%dT%H-%M-%S</arg>
<doc>Adds time to date and returns the resulting date.</doc>
<msg timestamp="20230208 14:13:06.997" level="INFO">${next_frame} = 2023-01-10T02-13-04</msg>
<status status="PASS" starttime="20230208 14:13:06.997" endtime="20230208 14:13:06.997"/>
</kw>
<kw name="Log To Console" library="BuiltIn">
<arg>\n Analizing time frame ${frame}, ${next_frame}</arg>
<doc>Logs the given message to the console.</doc>
<status status="PASS" starttime="20230208 14:13:06.997" endtime="20230208 14:13:06.998"/>
</kw>
<kw name="Check Get Card List" library="Batch_deletion_Model">
<var>${card_list}</var>
<arg>${base_url}${REST_virtual_cards_URI}</arg>
<arg>${APPUI1A01}</arg>
<arg>${frame}</arg>
<arg>${state}</arg>
<doc>Performs a Get/virtualCards for a specific time frame,
checks if the response's status is 200
and returns the card list retrieved
Confluence url: https://rndwww.nce.amadeus.net/confluence/pages/viewpage.action?pageId=861225058</doc>
<kw name="Get Card List" library="b2bwallet_rest_api_operations">
<var>${status}</var>
<var>${card_list}</var>
<arg>${url}</arg>
<arg>${user}</arg>
<arg>${time_frame}</arg>
<arg>${status}</arg>
<doc>Performs the GET /virtualCards?creationBeginDate={Date&amp;Time}&amp;creationEndDate={Date&amp;Time} for the given time_frame
and returns the status_code and the cards list as a json.
The time frame has size of 1h.</doc>
<msg timestamp="20230208 14:13:07.128" level="INFO">1AAuth eyJ1c2VySWQiOiAiQVBQVUkxQTAxIiwgIm9mZmljZUlkIjogIk5DRTFBMDk1NSIsICJ0aW1lc3RhbXAiOiAiMjAyMy0wMi0wOFQxMzoxMzowNiIsICJub25jZSI6ICJNekExTTFjNFVqWlJUMVpXV0RCU1JqZE1Xa1ZWVmt4TCIsICJwYXNzd29yZCI6ICJkU3oxRlYyQlBadnhaZkQ3Yzd0ZnNFb2djalU9IiwgIm9yZ2FuaXphdGlvbiI6ICIxQSJ9
{"errors":[{"code":"34629","title":"NO RESULT FOUND"}]}</msg>
<msg timestamp="20230208 14:13:07.128" level="INFO">${status} = 200</msg>
<msg timestamp="20230208 14:13:07.128" level="INFO">${card_list} = {'errors': [{'code': '34629', 'title': 'NO RESULT FOUND'}]}</msg>
<status status="PASS" starttime="20230208 14:13:06.999" endtime="20230208 14:13:07.128"/>
</kw>
<kw name="Should Be Equal" library="BuiltIn">
<arg>${status}</arg>
<arg>${200}</arg>
<doc>Fails if the given objects are unequal.</doc>
<status status="PASS" starttime="20230208 14:13:07.129" endtime="20230208 14:13:07.129"/>
</kw>
<return>
<value>${card_list}</value>
<status status="PASS" starttime="20230208 14:13:07.129" endtime="20230208 14:13:07.129"/>
</return>
<msg timestamp="20230208 14:13:07.129" level="INFO">${card_list} = {'errors': [{'code': '34629', 'title': 'NO RESULT FOUND'}]}</msg>
<status status="PASS" starttime="20230208 14:13:06.998" endtime="20230208 14:13:07.129"/>
</kw>
<if>
<branch type="IF" condition="'errors' in ${card_list}">
<kw name="Log To Console" library="BuiltIn">
<arg>\n No cards found in the current time frame</arg>
<doc>Logs the given message to the console.</doc>
<status status="PASS" starttime="20230208 14:13:07.130" endtime="20230208 14:13:07.130"/>
</kw>
<continue>
<status status="PASS" starttime="20230208 14:13:07.130" endtime="20230208 14:13:07.130"/>
</continue>
<status status="PASS" starttime="20230208 14:13:07.130" endtime="20230208 14:13:07.131"/>
</branch>
<status status="PASS" starttime="20230208 14:13:07.130" endtime="20230208 14:13:07.131"/>
</if>
<kw name="Get Ids From Card List" library="b2bwallet_rest_api_operations">
<var>@{ids}</var>
<arg>${providers}</arg>
<arg>${card_list}</arg>
<doc>Based on the received providers, extracts all the ids of the cards present in the card_list
and returns all of them as a list</doc>
<status status="NOT RUN" starttime="20230208 14:13:07.131" endtime="20230208 14:13:07.131"/>
</kw>
<kw name="Check Deleted Cards" library="Batch_deletion_Model">
<var>@{deleted_cards}</var>
<arg>${base_url}${REST_virtual_cards_URI}</arg>
<arg>${APPUI1A01}</arg>
<arg>${ids}</arg>
<doc>Deletes a list of cards using their ids,
returning a list of tuples composed by:
- the status_code of the operation
- the message related to the operation
- the id of the involved card</doc>
<status status="NOT RUN" starttime="20230208 14:13:07.131" endtime="20230208 14:13:07.131"/>
</kw>
<kw name="Log To Console" library="BuiltIn">
<arg>\n deleted_cards: ${deleted cards}</arg>
<doc>Logs the given message to the console.</doc>
<status status="NOT RUN" starttime="20230208 14:13:07.131" endtime="20230208 14:13:07.131"/>
</kw>
<kw name="Append" library="b2bwallet_rest_api_operations">
<var>@{report}</var>
<arg>${report}</arg>
<arg>${deleted_cards}</arg>
<status status="NOT RUN" starttime="20230208 14:13:07.131" endtime="20230208 14:13:07.131"/>
</kw>
<status status="PASS" starttime="20230208 14:13:06.996" endtime="20230208 14:13:07.131"/>
</iter>
<iter>
<var name="${frame}">2023-01-10T02-13-04</var>
<kw name="Add Time To Date" library="DateTime">
<var>${next_frame}</var>
<arg>${frame}</arg>
<arg>1 hour</arg>
<arg>result_format=%Y-%m-%dT%H-%M-%S</arg>
<doc>Adds time to date and returns the resulting date.</doc>
<msg timestamp="20230208 14:13:07.132" level="INFO">${next_frame} = 2023-01-10T03-13-04</msg>
<status status="PASS" starttime="20230208 14:13:07.132" endtime="20230208 14:13:07.132"/>
</kw>
<kw name="Log To Console" library="BuiltIn">
<arg>\n Analizing time frame ${frame}, ${next_frame}</arg>
<doc>Logs the given message to the console.</doc>
<status status="PASS" starttime="20230208 14:13:07.132" endtime="20230208 14:13:07.133"/>
</kw>
<kw name="Check Get Card List" library="Batch_deletion_Model">
<var>${card_list}</var>
<arg>${base_url}${REST_virtual_cards_URI}</arg>
<arg>${APPUI1A01}</arg>
<arg>${frame}</arg>
<arg>${state}</arg>
<doc>Performs a Get/virtualCards for a specific time frame,
checks if the response's status is 200
and returns the card list retrieved
Confluence url: https://rndwww.nce.amadeus.net/confluence/pages/viewpage.action?pageId=861225058</doc>
<kw name="Get Card List" library="b2bwallet_rest_api_operations">
<var>${status}</var>
<var>${card_list}</var>
<arg>${url}</arg>
<arg>${user}</arg>
<arg>${time_frame}</arg>
<arg>${status}</arg>
<doc>Performs the GET /virtualCards?creationBeginDate={Date&amp;Time}&amp;creationEndDate={Date&amp;Time} for the given time_frame
and returns the status_code and the cards list as a json.
The time frame has size of 1h.</doc>
<msg timestamp="20230208 14:13:07.260" level="INFO">1AAuth eyJ1c2VySWQiOiAiQVBQVUkxQTAxIiwgIm9mZmljZUlkIjogIk5DRTFBMDk1NSIsICJ0aW1lc3RhbXAiOiAiMjAyMy0wMi0wOFQxMzoxMzowNyIsICJub25jZSI6ICJPRFpZVkZKVFEwcFpNMHBPUlRaVlFURTRVVGhQU2tFeiIsICJwYXNzd29yZCI6ICJNZTUvSlMvYkwxUFN0R2lOWGRZLzRVZ1N0enc9IiwgIm9yZ2FuaXphdGlvbiI6ICIxQSJ9
{"errors":[{"code":"34629","title":"NO RESULT FOUND"}]}</msg>
<msg timestamp="20230208 14:13:07.260" level="INFO">${status} = 200</msg>
<msg timestamp="20230208 14:13:07.260" level="INFO">${card_list} = {'errors': [{'code': '34629', 'title': 'NO RESULT FOUND'}]}</msg>
<status status="PASS" starttime="20230208 14:13:07.133" endtime="20230208 14:13:07.260"/>
</kw>
<kw name="Should Be Equal" library="BuiltIn">
<arg>${status}</arg>
<arg>${200}</arg>
<doc>Fails if the given objects are unequal.</doc>
<status status="PASS" starttime="20230208 14:13:07.260" endtime="20230208 14:13:07.261"/>
</kw>
<return>
<value>${card_list}</value>
<status status="PASS" starttime="20230208 14:13:07.261" endtime="20230208 14:13:07.261"/>
</return>
<msg timestamp="20230208 14:13:07.261" level="INFO">${card_list} = {'errors': [{'code': '34629', 'title': 'NO RESULT FOUND'}]}</msg>
<status status="PASS" starttime="20230208 14:13:07.133" endtime="20230208 14:13:07.261"/>
</kw>
<if>
<branch type="IF" condition="'errors' in ${card_list}">
<kw name="Log To Console" library="BuiltIn">
<arg>\n No cards found in the current time frame</arg>
<doc>Logs the given message to the console.</doc>
<status status="PASS" starttime="20230208 14:13:07.262" endtime="20230208 14:13:07.262"/>
</kw>
<continue>
<status status="PASS" starttime="20230208 14:13:07.262" endtime="20230208 14:13:07.263"/>
</continue>
<status status="PASS" starttime="20230208 14:13:07.261" endtime="20230208 14:13:07.263"/>
</branch>
<status status="PASS" starttime="20230208 14:13:07.261" endtime="20230208 14:13:07.263"/>
</if>
<kw name="Get Ids From Card List" library="b2bwallet_rest_api_operations">
<var>@{ids}</var>
<arg>${providers}</arg>
<arg>${card_list}</arg>
<doc>Based on the received providers, extracts all the ids of the cards present in the card_list
and returns all of them as a list</doc>
<status status="NOT RUN" starttime="20230208 14:13:07.263" endtime="20230208 14:13:07.263"/>
</kw>
<kw name="Check Deleted Cards" library="Batch_deletion_Model">
<var>@{deleted_cards}</var>
<arg>${base_url}${REST_virtual_cards_URI}</arg>
<arg>${APPUI1A01}</arg>
<arg>${ids}</arg>
<doc>Deletes a list of cards using their ids,
returning a list of tuples composed by:
- the status_code of the operation
- the message related to the operation
- the id of the involved card</doc>
<status status="NOT RUN" starttime="20230208 14:13:07.263" endtime="20230208 14:13:07.263"/>
</kw>
<kw name="Log To Console" library="BuiltIn">
<arg>\n deleted_cards: ${deleted cards}</arg>
<doc>Logs the given message to the console.</doc>
<status status="NOT RUN" starttime="20230208 14:13:07.263" endtime="20230208 14:13:07.263"/>
</kw>
<kw name="Append" library="b2bwallet_rest_api_operations">
<var>@{report}</var>
<arg>${report}</arg>
<arg>${deleted_cards}</arg>
<status status="NOT RUN" starttime="20230208 14:13:07.263" endtime="20230208 14:13:07.264"/>
</kw>
<status status="PASS" starttime="20230208 14:13:07.132" endtime="20230208 14:13:07.264"/>
</iter>
<iter>
<var name="${frame}">2023-01-10T03-13-04</var>
<kw name="Add Time To Date" library="DateTime">
<var>${next_frame}</var>
<arg>${frame}</arg>
<arg>1 hour</arg>
<arg>result_format=%Y-%m-%dT%H-%M-%S</arg>
<doc>Adds time to date and returns the resulting date.</doc>
<msg timestamp="20230208 14:13:07.264" level="INFO">${next_frame} = 2023-01-10T04-13-04</msg>
<status status="PASS" starttime="20230208 14:13:07.264" endtime="20230208 14:13:07.264"/>
</kw>
<kw name="Log To Console" library="BuiltIn">
<arg>\n Analizing time frame ${frame}, ${next_frame}</arg>
<doc>Logs the given message to the console.</doc>
<status status="PASS" starttime="20230208 14:13:07.264" endtime="20230208 14:13:07.265"/>
</kw>
<kw name="Check Get Card List" library="Batch_deletion_Model">
<var>${card_list}</var>
<arg>${base_url}${REST_virtual_cards_URI}</arg>
<arg>${APPUI1A01}</arg>
<arg>${frame}</arg>
<arg>${state}</arg>
<doc>Performs a Get/virtualCards for a specific time frame,
checks if the response's status is 200
and returns the card list retrieved
Confluence url: https://rndwww.nce.amadeus.net/confluence/pages/viewpage.action?pageId=861225058</doc>
<kw name="Get Card List" library="b2bwallet_rest_api_operations">
<var>${status}</var>
<var>${card_list}</var>
<arg>${url}</arg>
<arg>${user}</arg>
<arg>${time_frame}</arg>
<arg>${status}</arg>
<doc>Performs the GET /virtualCards?creationBeginDate={Date&amp;Time}&amp;creationEndDate={Date&amp;Time} for the given time_frame
and returns the status_code and the cards list as a json.
The time frame has size of 1h.</doc>
<msg timestamp="20230208 14:13:07.404" level="INFO">1AAuth eyJ1c2VySWQiOiAiQVBQVUkxQTAxIiwgIm9mZmljZUlkIjogIk5DRTFBMDk1NSIsICJ0aW1lc3RhbXAiOiAiMjAyMy0wMi0wOFQxMzoxMzowNyIsICJub25jZSI6ICJRVTg0TlZCQlJFVXlTalpXVGpZeVExbEtSMGc1TWxsUiIsICJwYXNzd29yZCI6ICJMNmFJRHc1L25hV2M1ZTZEWkNENTJOeTNpaUk9IiwgIm9yZ2FuaXphdGlvbiI6ICIxQSJ9
{"errors":[{"code":"34629","title":"NO RESULT FOUND"}]}</msg>
<msg timestamp="20230208 14:13:07.404" level="INFO">${status} = 200</msg>
<msg timestamp="20230208 14:13:07.404" level="INFO">${card_list} = {'errors': [{'code': '34629', 'title': 'NO RESULT FOUND'}]}</msg>
<status status="PASS" starttime="20230208 14:13:07.265" endtime="20230208 14:13:07.404"/>
</kw>
<kw name="Should Be Equal" library="BuiltIn">
<arg>${status}</arg>
<arg>${200}</arg>
<doc>Fails if the given objects are unequal.</doc>
<status status="PASS" starttime="20230208 14:13:07.405" endtime="20230208 14:13:07.405"/>
</kw>
<return>
<value>${card_list}</value>
<status status="PASS" starttime="20230208 14:13:07.405" endtime="20230208 14:13:07.405"/>
</return>
<msg timestamp="20230208 14:13:07.405" level="INFO">${card_list} = {'errors': [{'code': '34629', 'title': 'NO RESULT FOUND'}]}</msg>
<status status="PASS" starttime="20230208 14:13:07.265" endtime="20230208 14:13:07.406"/>
</kw>
<if>
<branch type="IF" condition="'errors' in ${card_list}">
<kw name="Log To Console" library="BuiltIn">
<arg>\n No cards found in the current time frame</arg>
<doc>Logs the given message to the console.</doc>
<status status="PASS" starttime="20230208 14:13:07.406" endtime="20230208 14:13:07.406"/>
</kw>
<continue>
<status status="PASS" starttime="20230208 14:13:07.406" endtime="20230208 14:13:07.407"/>
</continue>
<status status="PASS" starttime="20230208 14:13:07.406" endtime="20230208 14:13:07.407"/>
</branch>
<status status="PASS" starttime="20230208 14:13:07.406" endtime="20230208 14:13:07.407"/>
</if>
<kw name="Get Ids From Card List" library="b2bwallet_rest_api_operations">
<var>@{ids}</var>
<arg>${providers}</arg>
<arg>${card_list}</arg>
<doc>Based on the received providers, extracts all the ids of the cards present in the card_list
and returns all of them as a list</doc>
<status status="NOT RUN" starttime="20230208 14:13:07.407" endtime="20230208 14:13:07.407"/>
</kw>
<kw name="Check Deleted Cards" library="Batch_deletion_Model">
<var>@{deleted_cards}</var>
<arg>${base_url}${REST_virtual_cards_URI}</arg>
<arg>${APPUI1A01}</arg>
<arg>${ids}</arg>
<doc>Deletes a list of cards using their ids,
returning a list of tuples composed by:
- the status_code of the operation
- the message related to the operation
- the id of the involved card</doc>
<status status="NOT RUN" starttime="20230208 14:13:07.407" endtime="20230208 14:13:07.407"/>
</kw>
<kw name="Log To Console" library="BuiltIn">
<arg>\n deleted_cards: ${deleted cards}</arg>
<doc>Logs the given message to the console.</doc>
<status status="NOT RUN" starttime="20230208 14:13:07.407" endtime="20230208 14:13:07.407"/>
</kw>
<kw name="Append" library="b2bwallet_rest_api_operations">
<var>@{report}</var>
<arg>${report}</arg>
<arg>${deleted_cards}</arg>
<status status="NOT RUN" starttime="20230208 14:13:07.407" endtime="20230208 14:13:07.407"/>
</kw>
<status status="PASS" starttime="20230208 14:13:07.264" endtime="20230208 14:13:07.408"/>
</iter>
<iter>
<var name="${frame}">2023-01-10T04-13-04</var>
<kw name="Add Time To Date" library="DateTime">
<var>${next_frame}</var>
<arg>${frame}</arg>
<arg>1 hour</arg>
<arg>result_format=%Y-%m-%dT%H-%M-%S</arg>
<doc>Adds time to date and returns the resulting date.</doc>
<msg timestamp="20230208 14:13:07.408" level="INFO">${next_frame} = 2023-01-10T05-13-04</msg>
<status status="PASS" starttime="20230208 14:13:07.408" endtime="20230208 14:13:07.408"/>
</kw>
<kw name="Log To Console" library="BuiltIn">
<arg>\n Analizing time frame ${frame}, ${next_frame}</arg>
<doc>Logs the given message to the console.</doc>
<status status="PASS" starttime="20230208 14:13:07.408" endtime="20230208 14:13:07.409"/>
</kw>
<kw name="Check Get Card List" library="Batch_deletion_Model">
<var>${card_list}</var>
<arg>${base_url}${REST_virtual_cards_URI}</arg>
<arg>${APPUI1A01}</arg>
<arg>${frame}</arg>
<arg>${state}</arg>
<doc>Performs a Get/virtualCards for a specific time frame,
checks if the response's status is 200
and returns the card list retrieved
Confluence url: https://rndwww.nce.amadeus.net/confluence/pages/viewpage.action?pageId=861225058</doc>
<kw name="Get Card List" library="b2bwallet_rest_api_operations">
<var>${status}</var>
<var>${card_list}</var>
<arg>${url}</arg>
<arg>${user}</arg>
<arg>${time_frame}</arg>
<arg>${status}</arg>
<doc>Performs the GET /virtualCards?creationBeginDate={Date&amp;Time}&amp;creationEndDate={Date&amp;Time} for the given time_frame
and returns the status_code and the cards list as a json.
The time frame has size of 1h.</doc>
<msg timestamp="20230208 14:13:07.556" level="INFO">1AAuth eyJ1c2VySWQiOiAiQVBQVUkxQTAxIiwgIm9mZmljZUlkIjogIk5DRTFBMDk1NSIsICJ0aW1lc3RhbXAiOiAiMjAyMy0wMi0wOFQxMzoxMzowNyIsICJub25jZSI6ICJORFpFVGtSWVRFSXpTVmRVT0V0UU1FOHdNRlpTV0RVeiIsICJwYXNzd29yZCI6ICJubEdlWnlKS1BrZDJJSjRaMDUxMUI5QU1hdTQ9IiwgIm9yZ2FuaXphdGlvbiI6ICIxQSJ9
{"errors":[{"code":"34629","title":"NO RESULT FOUND"}]}</msg>
<msg timestamp="20230208 14:13:07.556" level="INFO">${status} = 200</msg>
<msg timestamp="20230208 14:13:07.556" level="INFO">${card_list} = {'errors': [{'code': '34629', 'title': 'NO RESULT FOUND'}]}</msg>
<status status="PASS" starttime="20230208 14:13:07.409" endtime="20230208 14:13:07.557"/>
</kw>
<kw name="Should Be Equal" library="BuiltIn">
<arg>${status}</arg>
<arg>${200}</arg>
<doc>Fails if the given objects are unequal.</doc>
<status status="PASS" starttime="20230208 14:13:07.557" endtime="20230208 14:13:07.557"/>
</kw>
<return>
<value>${card_list}</value>
<status status="PASS" starttime="20230208 14:13:07.557" endtime="20230208 14:13:07.557"/>
</return>
<msg timestamp="20230208 14:13:07.558" level="INFO">${card_list} = {'errors': [{'code': '34629', 'title': 'NO RESULT FOUND'}]}</msg>
<status status="PASS" starttime="20230208 14:13:07.409" endtime="20230208 14:13:07.558"/>
</kw>
<if>
<branch type="IF" condition="'errors' in ${card_list}">
<kw name="Log To Console" library="BuiltIn">
<arg>\n No cards found in the current time frame</arg>
<doc>Logs the given message to the console.</doc>
<status status="PASS" starttime="20230208 14:13:07.558" endtime="20230208 14:13:07.559"/>
</kw>
<continue>
<status status="PASS" starttime="20230208 14:13:07.559" endtime="20230208 14:13:07.559"/>
</continue>
<status status="PASS" starttime="20230208 14:13:07.558" endtime="20230208 14:13:07.559"/>
</branch>
<status status="PASS" starttime="20230208 14:13:07.558" endtime="20230208 14:13:07.559"/>
</if>
<kw name="Get Ids From Card List" library="b2bwallet_rest_api_operations">
<var>@{ids}</var>
<arg>${providers}</arg>
<arg>${card_list}</arg>
<doc>Based on the received providers, extracts all the ids of the cards present in the card_list
and returns all of them as a list</doc>
<status status="NOT RUN" starttime="20230208 14:13:07.559" endtime="20230208 14:13:07.559"/>
</kw>
<kw name="Check Deleted Cards" library="Batch_deletion_Model">
<var>@{deleted_cards}</var>
<arg>${base_url}${REST_virtual_cards_URI}</arg>
<arg>${APPUI1A01}</arg>
<arg>${ids}</arg>
<doc>Deletes a list of cards using their ids,
returning a list of tuples composed by:
- the status_code of the operation
- the message related to the operation
- the id of the involved card</doc>
<status status="NOT RUN" starttime="20230208 14:13:07.559" endtime="20230208 14:13:07.559"/>
</kw>
<kw name="Log To Console" library="BuiltIn">
<arg>\n deleted_cards: ${deleted cards}</arg>
<doc>Logs the given message to the console.</doc>
<status status="NOT RUN" starttime="20230208 14:13:07.559" endtime="20230208 14:13:07.559"/>
</kw>
<kw name="Append" library="b2bwallet_rest_api_operations">
<var>@{report}</var>
<arg>${report}</arg>
<arg>${deleted_cards}</arg>
<status status="NOT RUN" starttime="20230208 14:13:07.560" endtime="20230208 14:13:07.560"/>
</kw>
<status status="PASS" starttime="20230208 14:13:07.408" endtime="20230208 14:13:07.560"/>
</iter>
<iter>
<var name="${frame}">2023-01-10T05-13-04</var>
<kw name="Add Time To Date" library="DateTime">
<var>${next_frame}</var>
<arg>${frame}</arg>
<arg>1 hour</arg>
<arg>result_format=%Y-%m-%dT%H-%M-%S</arg>
<doc>Adds time to date and returns the resulting date.</doc>
<msg timestamp="20230208 14:13:07.560" level="INFO">${next_frame} = 2023-01-10T06-13-04</msg>
<status status="PASS" starttime="20230208 14:13:07.560" endtime="20230208 14:13:07.560"/>
</kw>
<kw name="Log To Console" library="BuiltIn">
<arg>\n Analizing time frame ${frame}, ${next_frame}</arg>
<doc>Logs the given message to the console.</doc>
<status status="PASS" starttime="20230208 14:13:07.561" endtime="20230208 14:13:07.561"/>
</kw>
<kw name="Check Get Card List" library="Batch_deletion_Model">
<var>${card_list}</var>
<arg>${base_url}${REST_virtual_cards_URI}</arg>
<arg>${APPUI1A01}</arg>
<arg>${frame}</arg>
<arg>${state}</arg>
<doc>Performs a Get/virtualCards for a specific time frame,
checks if the response's status is 200
and returns the card list retrieved
Confluence url: https://rndwww.nce.amadeus.net/confluence/pages/viewpage.action?pageId=861225058</doc>
<kw name="Get Card List" library="b2bwallet_rest_api_operations">
<var>${status}</var>
<var>${card_list}</var>
<arg>${url}</arg>
<arg>${user}</arg>
<arg>${time_frame}</arg>
<arg>${status}</arg>
<doc>Performs the GET /virtualCards?creationBeginDate={Date&amp;Time}&amp;creationEndDate={Date&amp;Time} for the given time_frame
and returns the status_code and the cards list as a json.
The time frame has size of 1h.</doc>
<msg timestamp="20230208 14:13:07.690" level="INFO">1AAuth eyJ1c2VySWQiOiAiQVBQVUkxQTAxIiwgIm9mZmljZUlkIjogIk5DRTFBMDk1NSIsICJ0aW1lc3RhbXAiOiAiMjAyMy0wMi0wOFQxMzoxMzowNyIsICJub25jZSI6ICJSa1ZJVDB4QlVrSlBXRkZPU3pkWVJ6TmFVVFE0V1VoWSIsICJwYXNzd29yZCI6ICIwb21xeG5pK2JrNlFZWkFmZ2FBQUxCTWI4OG89IiwgIm9yZ2FuaXphdGlvbiI6ICIxQSJ9
{"errors":[{"code":"34629","title":"NO RESULT FOUND"}]}</msg>
<msg timestamp="20230208 14:13:07.690" level="INFO">${status} = 200</msg>
<msg timestamp="20230208 14:13:07.690" level="INFO">${card_list} = {'errors': [{'code': '34629', 'title': 'NO RESULT FOUND'}]}</msg>
<status status="PASS" starttime="20230208 14:13:07.562" endtime="20230208 14:13:07.691"/>
</kw>
<kw name="Should Be Equal" library="BuiltIn">
<arg>${status}</arg>
<arg>${200}</arg>
<doc>Fails if the given objects are unequal.</doc>
<status status="PASS" starttime="20230208 14:13:07.691" endtime="20230208 14:13:07.691"/>
</kw>
<return>
<value>${card_list}</value>
<status status="PASS" starttime="20230208 14:13:07.691" endtime="20230208 14:13:07.691"/>
</return>
<msg timestamp="20230208 14:13:07.692" level="INFO">${card_list} = {'errors': [{'code': '34629', 'title': 'NO RESULT FOUND'}]}</msg>
<status status="PASS" starttime="20230208 14:13:07.561" endtime="20230208 14:13:07.692"/>
</kw>
<if>
<branch type="IF" condition="'errors' in ${card_list}">
<kw name="Log To Console" library="BuiltIn">
<arg>\n No cards found in the current time frame</arg>
<doc>Logs the given message to the console.</doc>
<status status="PASS" starttime="20230208 14:13:07.692" endtime="20230208 14:13:07.692"/>
</kw>
<continue>
<status status="PASS" starttime="20230208 14:13:07.693" endtime="20230208 14:13:07.693"/>
</continue>
<status status="PASS" starttime="20230208 14:13:07.692" endtime="20230208 14:13:07.693"/>
</branch>
<status status="PASS" starttime="20230208 14:13:07.692" endtime="20230208 14:13:07.693"/>
</if>
<kw name="Get Ids From Card List" library="b2bwallet_rest_api_operations">
<var>@{ids}</var>
<arg>${providers}</arg>
<arg>${card_list}</arg>
<doc>Based on the received providers, extracts all the ids of the cards present in the card_list
and returns all of them as a list</doc>
<status status="NOT RUN" starttime="20230208 14:13:07.693" endtime="20230208 14:13:07.693"/>
</kw>
<kw name="Check Deleted Cards" library="Batch_deletion_Model">
<var>@{deleted_cards}</var>
<arg>${base_url}${REST_virtual_cards_URI}</arg>
<arg>${APPUI1A01}</arg>
<arg>${ids}</arg>
<doc>Deletes a list of cards using their ids,
returning a list of tuples composed by:
- the status_code of the operation
- the message related to the operation
- the id of the involved card</doc>
<status status="NOT RUN" starttime="20230208 14:13:07.693" endtime="20230208 14:13:07.693"/>
</kw>
<kw name="Log To Console" library="BuiltIn">
<arg>\n deleted_cards: ${deleted cards}</arg>
[...]
</kw>
<kw name="Check Get Card List" library="Batch_deletion_Model">
<var>${card_list}</var>
<arg>${base_url}${REST_virtual_cards_URI}</arg>
<arg>${APPUI1A01}</arg>
<arg>${frame}</arg>
<arg>${state}</arg>
<doc>Performs a Get/virtualCards for a specific time frame,
checks if the response's status is 200
and returns the card list retrieved
Confluence url: https://rndwww.nce.amadeus.net/confluence/pages/viewpage.action?pageId=861225058</doc>
<kw name="Get Card List" library="b2bwallet_rest_api_operations">
<var>${status}</var>
<var>${card_list}</var>
<arg>${url}</arg>
<arg>${user}</arg>
<arg>${time_frame}</arg>
<arg>${status}</arg>
<doc>Performs the GET /virtualCards?creationBeginDate={Date&amp;Time}&amp;creationEndDate={Date&amp;Time} for the given time_frame
and returns the status_code and the cards list as a json.
The time frame has size of 1h.</doc>
<msg timestamp="20230208 14:13:12.604" level="INFO">1AAuth eyJ1c2VySWQiOiAiQVBQVUkxQTAxIiwgIm9mZmljZUlkIjogIk5DRTFBMDk1NSIsICJ0aW1lc3RhbXAiOiAiMjAyMy0wMi0wOFQxMzoxMzoxMiIsICJub25jZSI6ICJWMUpFTWxGVk0wNVhTa1ZOUjFCVVZsSk5RME5LV1ZKRCIsICJwYXNzd29yZCI6ICJGcmhUZjE2bktTcXhvU01xU3BoNTBTRCtuQjg9IiwgIm9yZ2FuaXphdGlvbiI6ICIxQSJ9
{"errors":[{"code":"34629","title":"NO RESULT FOUND"}]}</msg>
<msg timestamp="20230208 14:13:12.604" level="INFO">${status} = 200</msg>
<msg timestamp="20230208 14:13:12.604" level="INFO">${card_list} = {'errors': [{'code': '34629', 'title': 'NO RESULT FOUND'}]}</msg>
<status status="PASS" starttime="20230208 14:13:12.461" endtime="20230208 14:13:12.605"/>
</kw>
<kw name="Should Be Equal" library="BuiltIn">
<arg>${status}</arg>
<arg>${200}</arg>
<doc>Fails if the given objects are unequal.</doc>
<status status="PASS" starttime="20230208 14:13:12.605" endtime="20230208 14:13:12.605"/>
</kw>
<return>
<value>${card_list}</value>
<status status="PASS" starttime="20230208 14:13:12.606" endtime="20230208 14:13:12.606"/>
</return>
<msg timestamp="20230208 14:13:12.606" level="INFO">${card_list} = {'errors': [{'code': '34629', 'title': 'NO RESULT FOUND'}]}</msg>
<status status="PASS" starttime="20230208 14:13:12.460" endtime="20230208 14:13:12.606"/>
</kw>
<if>
<branch type="IF" condition="'errors' in ${card_list}">
<kw name="Log To Console" library="BuiltIn">
<arg>\n No cards found in the current time frame</arg>
<doc>Logs the given message to the console.</doc>
<status status="PASS" starttime="20230208 14:13:12.606" endtime="20230208 14:13:12.607"/>
</kw>
<continue>
<status status="PASS" starttime="20230208 14:13:12.607" endtime="20230208 14:13:12.607"/>
</continue>
<status status="PASS" starttime="20230208 14:13:12.606" endtime="20230208 14:13:12.607"/>
</branch>
<status status="PASS" starttime="20230208 14:13:12.606" endtime="20230208 14:13:12.607"/>
</if>
<kw name="Get Ids From Card List" library="b2bwallet_rest_api_operations">
<var>@{ids}</var>
<arg>${providers}</arg>
<arg>${card_list}</arg>
<doc>Based on the received providers, extracts all the ids of the cards present in the card_list
and returns all of them as a list</doc>
<status status="NOT RUN" starttime="20230208 14:13:12.607" endtime="20230208 14:13:12.607"/>
</kw>
<kw name="Check Deleted Cards" library="Batch_deletion_Model">
<var>@{deleted_cards}</var>
<arg>${base_url}${REST_virtual_cards_URI}</arg>
<arg>${APPUI1A01}</arg>
<arg>${ids}</arg>
<doc>Deletes a list of cards using their ids,
returning a list of tuples composed by:
- the status_code of the operation
- the message related to the operation
- the id of the involved card</doc>
<status status="NOT RUN" starttime="20230208 14:13:12.607" endtime="20230208 14:13:12.608"/>
</kw>
<kw name="Log To Console" library="BuiltIn">
<arg>\n deleted_cards: ${deleted cards}</arg>
<doc>Logs the given message to the console.</doc>
<status status="NOT RUN" starttime="20230208 14:13:12.608" endtime="20230208 14:13:12.608"/>
</kw>
<kw name="Append" library="b2bwallet_rest_api_operations">
<var>@{report}</var>
<arg>${report}</arg>
<arg>${deleted_cards}</arg>
<status status="NOT RUN" starttime="20230208 14:13:12.608" endtime="20230208 14:13:12.608"/>
</kw>
<status status="PASS" starttime="20230208 14:13:12.459" endtime="20230208 14:13:12.608"/>
</iter>
<iter>
<var name="${frame}">2023-01-12T20-13-00</var>
<kw name="Add Time To Date" library="DateTime">
<var>${next_frame}</var>
<arg>${frame}</arg>
<arg>1 hour</arg>
<arg>result_format=%Y-%m-%dT%H-%M-%S</arg>
<doc>Adds time to date and returns the resulting date.</doc>
<msg timestamp="20230208 14:13:12.609" level="INFO">${next_frame} = 2023-01-12T21-13-00</msg>
<status status="PASS" starttime="20230208 14:13:12.608" endtime="20230208 14:13:12.609"/>
</kw>
<kw name="Log To Console" library="BuiltIn">
<arg>\n Analizing time frame ${frame}, ${next_frame}</arg>
<doc>Logs the given message to the console.</doc>
<status status="PASS" starttime="20230208 14:13:12.609" endtime="20230208 14:13:12.609"/>
</kw>
<kw name="Check Get Card List" library="Batch_deletion_Model">
<var>${card_list}</var>
<arg>${base_url}${REST_virtual_cards_URI}</arg>
<arg>${APPUI1A01}</arg>
<arg>${frame}</arg>
<arg>${state}</arg>
<doc>Performs a Get/virtualCards for a specific time frame,
checks if the response's status is 200
and returns the card list retrieved
Confluence url: https://rndwww.nce.amadeus.net/confluence/pages/viewpage.action?pageId=861225058</doc>
<kw name="Get Card List" library="b2bwallet_rest_api_operations">
<var>${status}</var>
<var>${card_list}</var>
<arg>${url}</arg>
<arg>${user}</arg>
<arg>${time_frame}</arg>
<arg>${status}</arg>
<doc>Performs the GET /virtualCards?creationBeginDate={Date&amp;Time}&amp;creationEndDate={Date&amp;Time} for the given time_frame
and returns the status_code and the cards list as a json.
The time frame has size of 1h.</doc>
<msg timestamp="20230208 14:13:12.738" level="INFO">1AAuth eyJ1c2VySWQiOiAiQVBQVUkxQTAxIiwgIm9mZmljZUlkIjogIk5DRTFBMDk1NSIsICJ0aW1lc3RhbXAiOiAiMjAyMy0wMi0wOFQxMzoxMzoxMiIsICJub25jZSI6ICJTRnBDTjFsTFRFRXlRMWhEVkZaVk4wNVZVRmc0VEZoUCIsICJwYXNzd29yZCI6ICJhb3hWYStVdWdUdTcvcE43bkE3a2NTSlAyMUE9IiwgIm9yZ2FuaXphdGlvbiI6ICIxQSJ9
{"errors":[{"code":"34629","title":"NO RESULT FOUND"}]}</msg>
<msg timestamp="20230208 14:13:12.738" level="INFO">${status} = 200</msg>
<msg timestamp="20230208 14:13:12.738" level="INFO">${card_list} = {'errors': [{'code': '34629', 'title': 'NO RESULT FOUND'}]}</msg>
<status status="PASS" starttime="20230208 14:13:12.610" endtime="20230208 14:13:12.738"/>
</kw>
<kw name="Should Be Equal" library="BuiltIn">
<arg>${status}</arg>
<arg>${200}</arg>
<doc>Fails if the given objects are unequal.</doc>
<status status="PASS" starttime="20230208 14:13:12.739" endtime="20230208 14:13:12.739"/>
</kw>
<return>
<value>${card_list}</value>
<status status="PASS" starttime="20230208 14:13:12.739" endtime="20230208 14:13:12.739"/>
</return>
<msg timestamp="20230208 14:13:12.740" level="INFO">${card_list} = {'errors': [{'code': '34629', 'title': 'NO RESULT FOUND'}]}</msg>
<status status="PASS" starttime="20230208 14:13:12.610" endtime="20230208 14:13:12.740"/>
</kw>
<if>
<branch type="IF" condition="'errors' in ${card_list}">
<kw name="Log To Console" library="BuiltIn">
<arg>\n No cards found in the current time frame</arg>
<doc>Logs the given message to the console.</doc>
<status status="PASS" starttime="20230208 14:13:12.740" endtime="20230208 14:13:12.741"/>
</kw>
<continue>
<status status="PASS" starttime="20230208 14:13:12.741" endtime="20230208 14:13:12.741"/>
</continue>
<status status="PASS" starttime="20230208 14:13:12.740" endtime="20230208 14:13:12.741"/>
</branch>
<status status="PASS" starttime="20230208 14:13:12.740" endtime="20230208 14:13:12.741"/>
</if>
<kw name="Get Ids From Card List" library="b2bwallet_rest_api_operations">
<var>@{ids}</var>
<arg>${providers}</arg>
<arg>${card_list}</arg>
<doc>Based on the received providers, extracts all the ids of the cards present in the card_list
and returns all of them as a list</doc>
<status status="NOT RUN" starttime="20230208 14:13:12.741" endtime="20230208 14:13:12.741"/>
</kw>
<kw name="Check Deleted Cards" library="Batch_deletion_Model">
<var>@{deleted_cards}</var>
<arg>${base_url}${REST_virtual_cards_URI}</arg>
<arg>${APPUI1A01}</arg>
<arg>${ids}</arg>
<doc>Deletes a list of cards using their ids,
returning a list of tuples composed by:
- the status_code of the operation
- the message related to the operation
- the id of the involved card</doc>
<status status="NOT RUN" starttime="20230208 14:13:12.741" endtime="20230208 14:13:12.741"/>
</kw>
<kw name="Log To Console" library="BuiltIn">
<arg>\n deleted_cards: ${deleted cards}</arg>
<doc>Logs the given message to the console.</doc>
<status status="NOT RUN" starttime="20230208 14:13:12.741" endtime="20230208 14:13:12.741"/>
</kw>
<kw name="Append" library="b2bwallet_rest_api_operations">
<var>@{report}</var>
<arg>${report}</arg>
<arg>${deleted_cards}</arg>
<status status="NOT RUN" starttime="20230208 14:13:12.742" endtime="20230208 14:13:12.742"/>
</kw>
<status status="PASS" starttime="20230208 14:13:12.608" endtime="20230208 14:13:12.742"/>
</iter>
<iter>
<var name="${frame}">2023-01-12T21-13-00</var>
<kw name="Add Time To Date" library="DateTime">
<var>${next_frame}</var>
<arg>${frame}</arg>
<arg>1 hour</arg>
<arg>result_format=%Y-%m-%dT%H-%M-%S</arg>
<doc>Adds time to date and returns the resulting date.</doc>
<msg timestamp="20230208 14:13:12.742" level="INFO">${next_frame} = 2023-01-12T22-13-00</msg>
<status status="PASS" starttime="20230208 14:13:12.742" endtime="20230208 14:13:12.742"/>
</kw>
<kw name="Log To Console" library="BuiltIn">
<arg>\n Analizing time frame ${frame}, ${next_frame}</arg>
<doc>Logs the given message to the console.</doc>
<status status="PASS" starttime="20230208 14:13:12.742" endtime="20230208 14:13:12.743"/>
</kw>
<kw name="Check Get Card List" library="Batch_deletion_Model">
<var>${card_list}</var>
<arg>${base_url}${REST_virtual_cards_URI}</arg>
<arg>${APPUI1A01}</arg>
<arg>${frame}</arg>
<arg>${state}</arg>
<doc>Performs a Get/virtualCards for a specific time frame,
checks if the response's status is 200
and returns the card list retrieved
Confluence url: https://rndwww.nce.amadeus.net/confluence/pages/viewpage.action?pageId=861225058</doc>
<kw name="Get Card List" library="b2bwallet_rest_api_operations">
<var>${status}</var>
<var>${card_list}</var>
<arg>${url}</arg>
<arg>${user}</arg>
<arg>${time_frame}</arg>
<arg>${status}</arg>
<doc>Performs the GET /virtualCards?creationBeginDate={Date&amp;Time}&amp;creationEndDate={Date&amp;Time} for the given time_frame
and returns the status_code and the cards list as a json.
The time frame has size of 1h.</doc>
<msg timestamp="20230208 14:13:12.871" level="INFO">1AAuth eyJ1c2VySWQiOiAiQVBQVUkxQTAxIiwgIm9mZmljZUlkIjogIk5DRTFBMDk1NSIsICJ0aW1lc3RhbXAiOiAiMjAyMy0wMi0wOFQxMzoxMzoxMiIsICJub25jZSI6ICJORlEwTnpCWVF6SlhNekJSVGpaTVdqY3hWRmhRVWxkTSIsICJwYXNzd29yZCI6ICIzSmx6K0Q2SFhVV1pnNzg4RXBlMWQzcC82SUk9IiwgIm9yZ2FuaXphdGlvbiI6ICIxQSJ9
{"errors":[{"code":"34629","title":"NO RESULT FOUND"}]}</msg>
<msg timestamp="20230208 14:13:12.872" level="INFO">${status} = 200</msg>
<msg timestamp="20230208 14:13:12.872" level="INFO">${card_list} = {'errors': [{'code': '34629', 'title': 'NO RESULT FOUND'}]}</msg>
<status status="PASS" starttime="20230208 14:13:12.744" endtime="20230208 14:13:12.872"/>
</kw>
<kw name="Should Be Equal" library="BuiltIn">
<arg>${status}</arg>
<arg>${200}</arg>
<doc>Fails if the given objects are unequal.</doc>
<status status="PASS" starttime="20230208 14:13:12.872" endtime="20230208 14:13:12.873"/>
</kw>
<return>
<value>${card_list}</value>
<status status="PASS" starttime="20230208 14:13:12.873" endtime="20230208 14:13:12.873"/>
</return>
<msg timestamp="20230208 14:13:12.873" level="INFO">${card_list} = {'errors': [{'code': '34629', 'title': 'NO RESULT FOUND'}]}</msg>
<status status="PASS" starttime="20230208 14:13:12.743" endtime="20230208 14:13:12.873"/>
</kw>
<if>
<branch type="IF" condition="'errors' in ${card_list}">
<kw name="Log To Console" library="BuiltIn">
<arg>\n No cards found in the current time frame</arg>
<doc>Logs the given message to the console.</doc>
<status status="PASS" starttime="20230208 14:13:12.874" endtime="20230208 14:13:12.874"/>
</kw>
<continue>
<status status="PASS" starttime="20230208 14:13:12.874" endtime="20230208 14:13:12.875"/>
</continue>
<status status="PASS" starttime="20230208 14:13:12.874" endtime="20230208 14:13:12.875"/>
</branch>
<status status="PASS" starttime="20230208 14:13:12.874" endtime="20230208 14:13:12.875"/>
</if>
<kw name="Get Ids From Card List" library="b2bwallet_rest_api_operations">
<var>@{ids}</var>
<arg>${providers}</arg>
<arg>${card_list}</arg>
<doc>Based on the received providers, extracts all the ids of the cards present in the card_list
and returns all of them as a list</doc>
<status status="NOT RUN" starttime="20230208 14:13:12.875" endtime="20230208 14:13:12.875"/>
</kw>
<kw name="Check Deleted Cards" library="Batch_deletion_Model">
<var>@{deleted_cards}</var>
<arg>${base_url}${REST_virtual_cards_URI}</arg>
<arg>${APPUI1A01}</arg>
<arg>${ids}</arg>
<doc>Deletes a list of cards using their ids,
returning a list of tuples composed by:
- the status_code of the operation
- the message related to the operation
- the id of the involved card</doc>
<status status="NOT RUN" starttime="20230208 14:13:12.875" endtime="20230208 14:13:12.875"/>
</kw>
<kw name="Log To Console" library="BuiltIn">
<arg>\n deleted_cards: ${deleted cards}</arg>
<doc>Logs the given message to the console.</doc>
<status status="NOT RUN" starttime="20230208 14:13:12.875" endtime="20230208 14:13:12.875"/>
</kw>
<kw name="Append" library="b2bwallet_rest_api_operations">
<var>@{report}</var>
<arg>${report}</arg>
<arg>${deleted_cards}</arg>
<status status="NOT RUN" starttime="20230208 14:13:12.875" endtime="20230208 14:13:12.876"/>
</kw>
<status status="PASS" starttime="20230208 14:13:12.742" endtime="20230208 14:13:12.876"/>
</iter>
<iter>
<var name="${frame}">2023-01-12T22-13-00</var>
<kw name="Add Time To Date" library="DateTime">
<var>${next_frame}</var>
<arg>${frame}</arg>
<arg>1 hour</arg>
<arg>result_format=%Y-%m-%dT%H-%M-%S</arg>
<doc>Adds time to date and returns the resulting date.</doc>
<msg timestamp="20230208 14:13:12.876" level="INFO">${next_frame} = 2023-01-12T23-13-00</msg>
<status status="PASS" starttime="20230208 14:13:12.876" endtime="20230208 14:13:12.876"/>
</kw>
<kw name="Log To Console" library="BuiltIn">
<arg>\n Analizing time frame ${frame}, ${next_frame}</arg>
<doc>Logs the given message to the console.</doc>
<status status="PASS" starttime="20230208 14:13:12.876" endtime="20230208 14:13:12.877"/>
</kw>
<kw name="Check Get Card List" library="Batch_deletion_Model">
<var>${card_list}</var>
<arg>${base_url}${REST_virtual_cards_URI}</arg>
<arg>${APPUI1A01}</arg>
<arg>${frame}</arg>
<arg>${state}</arg>
<doc>Performs a Get/virtualCards for a specific time frame,
checks if the response's status is 200
and returns the card list retrieved
Confluence url: https://rndwww.nce.amadeus.net/confluence/pages/viewpage.action?pageId=861225058</doc>
<kw name="Get Card List" library="b2bwallet_rest_api_operations">
<var>${status}</var>
<var>${card_list}</var>
<arg>${url}</arg>
<arg>${user}</arg>
<arg>${time_frame}</arg>
<arg>${status}</arg>
<doc>Performs the GET /virtualCards?creationBeginDate={Date&amp;Time}&amp;creationEndDate={Date&amp;Time} for the given time_frame
and returns the status_code and the cards list as a json.
The time frame has size of 1h.</doc>
<msg timestamp="20230208 14:13:13.019" level="INFO">1AAuth eyJ1c2VySWQiOiAiQVBQVUkxQTAxIiwgIm9mZmljZUlkIjogIk5DRTFBMDk1NSIsICJ0aW1lc3RhbXAiOiAiMjAyMy0wMi0wOFQxMzoxMzoxMiIsICJub25jZSI6ICJTVWhETVVVd1RVVk5VRkJaVjA5UFRGRkxSRkUzUkRSWSIsICJwYXNzd29yZCI6ICJpb2d1MjQzQWszMXNwSUxZMElYNzZ6NjB5TkE9IiwgIm9yZ2FuaXphdGlvbiI6ICIxQSJ9
{"errors":[{"code":"34629","title":"NO RESULT FOUND"}]}</msg>
<msg timestamp="20230208 14:13:13.020" level="INFO">${status} = 200</msg>
<msg timestamp="20230208 14:13:13.020" level="INFO">${card_list} = {'errors': [{'code': '34629', 'title': 'NO RESULT FOUND'}]}</msg>
<status status="PASS" starttime="20230208 14:13:12.877" endtime="20230208 14:13:13.020"/>
</kw>
<kw name="Should Be Equal" library="BuiltIn">
<arg>${status}</arg>
<arg>${200}</arg>
<doc>Fails if the given objects are unequal.</doc>
<status status="PASS" starttime="20230208 14:13:13.021" endtime="20230208 14:13:13.022"/>
</kw>
<return>
<value>${card_list}</value>
<status status="PASS" starttime="20230208 14:13:13.022" endtime="20230208 14:13:13.022"/>
</return>
<msg timestamp="20230208 14:13:13.022" level="INFO">${card_list} = {'errors': [{'code': '34629', 'title': 'NO RESULT FOUND'}]}</msg>
<status status="PASS" starttime="20230208 14:13:12.877" endtime="20230208 14:13:13.022"/>
</kw>
<if>
<branch type="IF" condition="'errors' in ${card_list}">
<kw name="Log To Console" library="BuiltIn">
<arg>\n No cards found in the current time frame</arg>
<doc>Logs the given message to the console.</doc>
<status status="PASS" starttime="20230208 14:13:13.023" endtime="20230208 14:13:13.023"/>
</kw>
<continue>
<status status="PASS" starttime="20230208 14:13:13.023" endtime="20230208 14:13:13.024"/>
</continue>
<status status="PASS" starttime="20230208 14:13:13.023" endtime="20230208 14:13:13.024"/>
</branch>
<status status="PASS" starttime="20230208 14:13:13.023" endtime="20230208 14:13:13.024"/>
</if>
<kw name="Get Ids From Card List" library="b2bwallet_rest_api_operations">
<var>@{ids}</var>
<arg>${providers}</arg>
<arg>${card_list}</arg>
<doc>Based on the received providers, extracts all the ids of the cards present in the card_list
and returns all of them as a list</doc>
<status status="NOT RUN" starttime="20230208 14:13:13.024" endtime="20230208 14:13:13.024"/>
</kw>
<kw name="Check Deleted Cards" library="Batch_deletion_Model">
<var>@{deleted_cards}</var>
<arg>${base_url}${REST_virtual_cards_URI}</arg>
<arg>${APPUI1A01}</arg>
<arg>${ids}</arg>
<doc>Deletes a list of cards using their ids,
returning a list of tuples composed by:
- the status_code of the operation
- the message related to the operation
- the id of the involved card</doc>
<status status="NOT RUN" starttime="20230208 14:13:13.024" endtime="20230208 14:13:13.024"/>
</kw>
<kw name="Log To Console" library="BuiltIn">
<arg>\n deleted_cards: ${deleted cards}</arg>
<doc>Logs the given message to the console.</doc>
<status status="NOT RUN" starttime="20230208 14:13:13.024" endtime="20230208 14:13:13.024"/>
</kw>
<kw name="Append" library="b2bwallet_rest_api_operations">
<var>@{report}</var>
<arg>${report}</arg>
<arg>${deleted_cards}</arg>
<status status="NOT RUN" starttime="20230208 14:13:13.025" endtime="20230208 14:13:13.025"/>
</kw>
<status status="PASS" starttime="20230208 14:13:12.876" endtime="20230208 14:13:13.025"/>
</iter>
<iter>
<var name="${frame}">2023-01-12T23-13-00</var>
<kw name="Add Time To Date" library="DateTime">
<var>${next_frame}</var>
<arg>${frame}</arg>
<arg>1 hour</arg>
<arg>result_format=%Y-%m-%dT%H-%M-%S</arg>
<doc>Adds time to date and returns the resulting date.</doc>
<msg timestamp="20230208 14:13:13.025" level="INFO">${next_frame} = 2023-01-13T00-13-00</msg>
<status status="PASS" starttime="20230208 14:13:13.025" endtime="20230208 14:13:13.025"/>
</kw>
<kw name="Log To Console" library="BuiltIn">
<arg>\n Analizing time frame ${frame}, ${next_frame}</arg>
<doc>Logs the given message to the console.</doc>
<status status="PASS" starttime="20230208 14:13:13.026" endtime="20230208 14:13:13.026"/>
</kw>
<kw name="Check Get Card List" library="Batch_deletion_Model">
<var>${card_list}</var>
<arg>${base_url}${REST_virtual_cards_URI}</arg>
<arg>${APPUI1A01}</arg>
<arg>${frame}</arg>
<arg>${state}</arg>
<doc>Performs a Get/virtualCards for a specific time frame,
checks if the response's status is 200
and returns the card list retrieved
Confluence url: https://rndwww.nce.amadeus.net/confluence/pages/viewpage.action?pageId=861225058</doc>
